{
  "/home/ubuntu/repos/rosettanet/e2e/utils.ts": {
    "path": "/home/ubuntu/repos/rosettanet/e2e/utils.ts",
    "statementMap": {
      "0": {
        "start": { "line": 43, "column": 0 },
        "end": { "line": 43, "column": 22 }
      },
      "1": {
        "start": { "line": 54, "column": 0 },
        "end": { "line": 54, "column": 22 }
      },
      "2": {
        "start": { "line": 63, "column": 0 },
        "end": { "line": 63, "column": 22 }
      },
      "3": {
        "start": { "line": 75, "column": 0 },
        "end": { "line": 75, "column": 22 }
      },
      "4": {
        "start": { "line": 89, "column": 0 },
        "end": { "line": 89, "column": 22 }
      },
      "5": {
        "start": { "line": 103, "column": 0 },
        "end": { "line": 103, "column": 22 }
      },
      "6": {
        "start": { "line": 116, "column": 0 },
        "end": { "line": 116, "column": 16 }
      },
      "7": {
        "start": { "line": 123, "column": 0 },
        "end": { "line": 123, "column": 16 }
      },
      "8": {
        "start": { "line": 2, "column": 0 },
        "end": { "line": 2, "column": 40 }
      },
      "9": {
        "start": { "line": 3, "column": 0 },
        "end": { "line": 3, "column": 40 }
      },
      "10": {
        "start": { "line": 5, "column": 0 },
        "end": { "line": 5, "column": 36 }
      },
      "11": {
        "start": { "line": 6, "column": 0 },
        "end": { "line": 6, "column": 24 }
      },
      "12": {
        "start": { "line": 7, "column": 0 },
        "end": { "line": 7, "column": 53 }
      },
      "13": {
        "start": { "line": 9, "column": 13 },
        "end": { "line": 26, "column": null }
      },
      "14": {
        "start": { "line": 29, "column": 16 },
        "end": { "line": 29, "column": 68 }
      },
      "15": {
        "start": { "line": 30, "column": 13 },
        "end": { "line": 30, "column": null }
      },
      "16": {
        "start": { "line": 31, "column": 20 },
        "end": { "line": 31, "column": 29 }
      },
      "17": {
        "start": { "line": 33, "column": 13 },
        "end": { "line": 33, "column": null }
      },
      "18": {
        "start": { "line": 36, "column": 19 },
        "end": { "line": 38, "column": 68 }
      },
      "19": {
        "start": { "line": 40, "column": 4 },
        "end": { "line": 40, "column": 18 }
      },
      "20": {
        "start": { "line": 44, "column": 4 },
        "end": { "line": 51, "column": 5 }
      },
      "21": {
        "start": { "line": 45, "column": 23 },
        "end": { "line": 45, "column": 41 }
      },
      "22": {
        "start": { "line": 47, "column": 8 },
        "end": { "line": 47, "column": 22 }
      },
      "23": {
        "start": { "line": 49, "column": 8 },
        "end": { "line": 49, "column": null }
      },
      "24": {
        "start": { "line": 50, "column": 8 },
        "end": { "line": 50, "column": 24 }
      },
      "25": {
        "start": { "line": 55, "column": 4 },
        "end": { "line": 60, "column": 5 }
      },
      "26": {
        "start": { "line": 56, "column": 8 },
        "end": { "line": 56, "column": null }
      },
      "27": {
        "start": { "line": 58, "column": 8 },
        "end": { "line": 58, "column": null }
      },
      "28": {
        "start": { "line": 59, "column": 8 },
        "end": { "line": 59, "column": 24 }
      },
      "29": {
        "start": { "line": 64, "column": 4 },
        "end": { "line": 72, "column": 5 }
      },
      "30": {
        "start": { "line": 65, "column": 19 },
        "end": { "line": 65, "column": 51 }
      },
      "31": {
        "start": { "line": 66, "column": 27 },
        "end": { "line": 66, "column": 43 }
      },
      "32": {
        "start": { "line": 68, "column": 6 },
        "end": { "line": 68, "column": 26 }
      },
      "33": {
        "start": { "line": 70, "column": 6 },
        "end": { "line": 70, "column": 55 }
      },
      "34": {
        "start": { "line": 71, "column": 6 },
        "end": { "line": 71, "column": 18 }
      },
      "35": {
        "start": { "line": 76, "column": 4 },
        "end": { "line": 85, "column": 7 }
      },
      "36": {
        "start": { "line": 77, "column": 19 },
        "end": { "line": 77, "column": 118 }
      },
      "37": {
        "start": { "line": 78, "column": 21 },
        "end": { "line": 78, "column": 42 }
      },
      "38": {
        "start": { "line": 79, "column": 29 },
        "end": { "line": 79, "column": 63 }
      },
      "39": {
        "start": { "line": 81, "column": 8 },
        "end": { "line": 81, "column": 32 }
      },
      "40": {
        "start": { "line": 83, "column": 8 },
        "end": { "line": 83, "column": 57 }
      },
      "41": {
        "start": { "line": 84, "column": 8 },
        "end": { "line": 84, "column": 20 }
      },
      "42": {
        "start": { "line": 90, "column": 4 },
        "end": { "line": 99, "column": 5 }
      },
      "43": {
        "start": { "line": 91, "column": 31 },
        "end": { "line": 91, "column": 77 }
      },
      "44": {
        "start": { "line": 93, "column": 8 },
        "end": { "line": 93, "column": 60 }
      },
      "45": {
        "start": { "line": 94, "column": 8 },
        "end": { "line": 94, "column": null }
      },
      "46": {
        "start": { "line": 95, "column": 8 },
        "end": { "line": 95, "column": 15 }
      },
      "47": {
        "start": { "line": 97, "column": 8 },
        "end": { "line": 97, "column": 60 }
      },
      "48": {
        "start": { "line": 98, "column": 8 },
        "end": { "line": 98, "column": 17 }
      },
      "49": {
        "start": { "line": 104, "column": 4 },
        "end": { "line": 113, "column": 5 }
      },
      "50": {
        "start": { "line": 105, "column": 31 },
        "end": { "line": 105, "column": 77 }
      },
      "51": {
        "start": { "line": 107, "column": 23 },
        "end": { "line": 107, "column": 65 }
      },
      "52": {
        "start": { "line": 109, "column": 8 },
        "end": { "line": 109, "column": 34 }
      },
      "53": {
        "start": { "line": 111, "column": 8 },
        "end": { "line": 111, "column": 60 }
      },
      "54": {
        "start": { "line": 112, "column": 8 },
        "end": { "line": 112, "column": 17 }
      },
      "55": {
        "start": { "line": 117, "column": 25 },
        "end": { "line": 117, "column": 93 }
      },
      "56": {
        "start": { "line": 118, "column": 28 },
        "end": { "line": 118, "column": 96 }
      },
      "57": {
        "start": { "line": 119, "column": 20 },
        "end": { "line": 119, "column": 95 }
      },
      "58": {
        "start": { "line": 120, "column": 4 },
        "end": { "line": 120, "column": 19 }
      },
      "59": {
        "start": { "line": 124, "column": 4 },
        "end": { "line": 124, "column": 85 }
      }
    },
    "fnMap": {
      "0": {
        "name": "forkDevnet",
        "decl": {
          "start": { "line": 35, "column": 15 },
          "end": { "line": 35, "column": 25 }
        },
        "loc": {
          "start": { "line": 35, "column": 25 },
          "end": { "line": 41, "column": null }
        }
      },
      "1": {
        "name": "startDevnet",
        "decl": {
          "start": { "line": 43, "column": 22 },
          "end": { "line": 43, "column": 33 }
        },
        "loc": {
          "start": { "line": 43, "column": 33 },
          "end": { "line": 52, "column": null }
        }
      },
      "2": {
        "name": "startNode",
        "decl": {
          "start": { "line": 54, "column": 22 },
          "end": { "line": 54, "column": 31 }
        },
        "loc": {
          "start": { "line": 54, "column": 31 },
          "end": { "line": 61, "column": null }
        }
      },
      "3": {
        "name": "loadContractJson",
        "decl": {
          "start": { "line": 63, "column": 22 },
          "end": { "line": 63, "column": 38 }
        },
        "loc": {
          "start": { "line": 63, "column": 51 },
          "end": { "line": 73, "column": null }
        }
      },
      "4": {
        "name": "getContractAbi",
        "decl": {
          "start": { "line": 75, "column": 22 },
          "end": { "line": 75, "column": 36 }
        },
        "loc": {
          "start": { "line": 75, "column": 53 },
          "end": { "line": 86, "column": null }
        }
      },
      "5": {
        "name": "updateNodeConfig",
        "decl": {
          "start": { "line": 89, "column": 22 },
          "end": { "line": 89, "column": 38 }
        },
        "loc": {
          "start": { "line": 89, "column": 53 },
          "end": { "line": 100, "column": null }
        }
      },
      "6": {
        "name": "readNodeConfig",
        "decl": {
          "start": { "line": 103, "column": 22 },
          "end": { "line": 103, "column": 36 }
        },
        "loc": {
          "start": { "line": 103, "column": 36 },
          "end": { "line": 114, "column": null }
        }
      },
      "7": {
        "name": "getDevAccount",
        "decl": {
          "start": { "line": 116, "column": 16 },
          "end": { "line": 116, "column": 29 }
        },
        "loc": {
          "start": { "line": 116, "column": 29 },
          "end": { "line": 121, "column": 1 }
        }
      },
      "8": {
        "name": "getProvider",
        "decl": {
          "start": { "line": 123, "column": 16 },
          "end": { "line": 123, "column": 27 }
        },
        "loc": {
          "start": { "line": 123, "column": 27 },
          "end": { "line": 125, "column": 1 }
        }
      }
    },
    "branchMap": {},
    "s": {
      "0": 1,
      "1": 1,
      "2": 1,
      "3": 1,
      "4": 1,
      "5": 1,
      "6": 1,
      "7": 1,
      "8": 1,
      "9": 1,
      "10": 1,
      "11": 1,
      "12": 1,
      "13": 1,
      "14": 1,
      "15": 1,
      "16": 1,
      "17": 1,
      "18": 0,
      "19": 0,
      "20": 0,
      "21": 0,
      "22": 0,
      "23": 0,
      "24": 0,
      "25": 0,
      "26": 0,
      "27": 0,
      "28": 0,
      "29": 0,
      "30": 0,
      "31": 0,
      "32": 0,
      "33": 0,
      "34": 0,
      "35": 1,
      "36": 1,
      "37": 1,
      "38": 0,
      "39": 0,
      "40": 1,
      "41": 1,
      "42": 0,
      "43": 0,
      "44": 0,
      "45": 0,
      "46": 0,
      "47": 0,
      "48": 0,
      "49": 0,
      "50": 0,
      "51": 0,
      "52": 0,
      "53": 0,
      "54": 0,
      "55": 1,
      "56": 1,
      "57": 1,
      "58": 1,
      "59": 1
    },
    "f": {
      "0": 0,
      "1": 0,
      "2": 0,
      "3": 0,
      "4": 1,
      "5": 0,
      "6": 0,
      "7": 1,
      "8": 1
    },
    "b": {}
  },
  "/home/ubuntu/repos/rosettanet/e2e/registry/rosettanet.ts": {
    "path": "/home/ubuntu/repos/rosettanet/e2e/registry/rosettanet.ts",
    "statementMap": {
      "0": {
        "start": { "line": 5, "column": 0 },
        "end": { "line": 5, "column": 22 }
      },
      "1": {
        "start": { "line": 10, "column": 0 },
        "end": { "line": 10, "column": 22 }
      },
      "2": {
        "start": { "line": 30, "column": 0 },
        "end": { "line": 30, "column": 22 }
      },
      "3": {
        "start": { "line": 1, "column": 0 },
        "end": { "line": 1, "column": 50 }
      },
      "4": {
        "start": { "line": 2, "column": 0 },
        "end": { "line": 2, "column": 71 }
      },
      "5": {
        "start": { "line": 3, "column": 0 },
        "end": { "line": 3, "column": 55 }
      },
      "6": {
        "start": { "line": 11, "column": 21 },
        "end": { "line": 11, "column": 55 }
      },
      "7": {
        "start": { "line": 12, "column": 23 },
        "end": { "line": 12, "column": 45 }
      },
      "8": {
        "start": { "line": 14, "column": 30 },
        "end": { "line": 14, "column": 78 }
      },
      "9": {
        "start": { "line": 16, "column": 4 },
        "end": { "line": 18, "column": 5 }
      },
      "10": {
        "start": { "line": 17, "column": 8 },
        "end": { "line": 17, "column": 61 }
      },
      "11": {
        "start": { "line": 20, "column": 21 },
        "end": { "line": 20, "column": 76 }
      },
      "12": {
        "start": { "line": 22, "column": 4 },
        "end": { "line": 22, "column": 30 }
      },
      "13": {
        "start": { "line": 24, "column": 4 },
        "end": { "line": 24, "column": 54 }
      },
      "14": {
        "start": { "line": 25, "column": 29 },
        "end": { "line": 25, "column": 77 }
      },
      "15": {
        "start": { "line": 27, "column": 4 },
        "end": { "line": 27, "column": 56 }
      },
      "16": {
        "start": { "line": 31, "column": 21 },
        "end": { "line": 31, "column": 55 }
      },
      "17": {
        "start": { "line": 32, "column": 23 },
        "end": { "line": 32, "column": 45 }
      },
      "18": {
        "start": { "line": 34, "column": 21 },
        "end": { "line": 34, "column": 76 }
      },
      "19": {
        "start": { "line": 36, "column": 4 },
        "end": { "line": 36, "column": 91 }
      }
    },
    "fnMap": {
      "0": {
        "name": "registerFunction",
        "decl": {
          "start": { "line": 5, "column": 22 },
          "end": { "line": 5, "column": 38 }
        },
        "loc": {
          "start": { "line": 5, "column": 67 },
          "end": { "line": 7, "column": null }
        }
      },
      "1": {
        "name": "registerContractIfNotRegistered",
        "decl": {
          "start": { "line": 10, "column": 22 },
          "end": { "line": 10, "column": 53 }
        },
        "loc": {
          "start": { "line": 10, "column": 95 },
          "end": { "line": 28, "column": null }
        }
      },
      "2": {
        "name": "getEthAddressFromRegistry",
        "decl": {
          "start": { "line": 30, "column": 22 },
          "end": { "line": 30, "column": 47 }
        },
        "loc": {
          "start": { "line": 30, "column": 63 },
          "end": { "line": 37, "column": null }
        }
      },
      "3": {
        "name": "evmTypesEnum",
        "decl": {
          "start": { "line": 39, "column": 9 },
          "end": { "line": 39, "column": 21 }
        },
        "loc": {
          "start": { "line": 39, "column": 21 },
          "end": { "line": 41, "column": 1 }
        }
      }
    },
    "branchMap": {
      "0": {
        "loc": {
          "start": { "line": 16, "column": 4 },
          "end": { "line": 18, "column": 5 }
        },
        "type": "if",
        "locations": [
          {
            "start": { "line": 16, "column": 4 },
            "end": { "line": 18, "column": 5 }
          }
        ]
      }
    },
    "s": {
      "0": 1,
      "1": 1,
      "2": 1,
      "3": 1,
      "4": 1,
      "5": 1,
      "6": 1,
      "7": 0,
      "8": 0,
      "9": 0,
      "10": 0,
      "11": 0,
      "12": 0,
      "13": 0,
      "14": 0,
      "15": 0,
      "16": 0,
      "17": 0,
      "18": 0,
      "19": 0
    },
    "f": { "0": 0, "1": 1, "2": 0, "3": 0 },
    "b": { "0": [0] }
  },
  "/home/ubuntu/repos/rosettanet/src/index.ts": {
    "path": "/home/ubuntu/repos/rosettanet/src/index.ts",
    "statementMap": {
      "0": {
        "start": { "line": 6, "column": 0 },
        "end": { "line": 6, "column": 22 }
      },
      "1": {
        "start": { "line": 1, "column": 0 },
        "end": { "line": 1, "column": 53 }
      },
      "2": {
        "start": { "line": 2, "column": 0 },
        "end": { "line": 2, "column": 47 }
      },
      "3": {
        "start": { "line": 3, "column": 0 },
        "end": { "line": 3, "column": 41 }
      },
      "4": {
        "start": { "line": 4, "column": 0 },
        "end": { "line": 4, "column": 49 }
      },
      "5": {
        "start": { "line": 7, "column": 4 },
        "end": { "line": 7, "column": null }
      },
      "6": {
        "start": { "line": 8, "column": 4 },
        "end": { "line": 8, "column": null }
      },
      "7": {
        "start": { "line": 9, "column": 4 },
        "end": { "line": 9, "column": null }
      },
      "8": {
        "start": { "line": 10, "column": 4 },
        "end": { "line": 10, "column": null }
      },
      "9": {
        "start": { "line": 13, "column": 0 },
        "end": { "line": 15, "column": 1 }
      },
      "10": {
        "start": { "line": 14, "column": 4 },
        "end": { "line": 14, "column": null }
      }
    },
    "fnMap": {
      "0": {
        "name": "initNode",
        "decl": {
          "start": { "line": 6, "column": 22 },
          "end": { "line": 6, "column": 30 }
        },
        "loc": {
          "start": { "line": 6, "column": 49 },
          "end": { "line": 11, "column": null }
        }
      }
    },
    "branchMap": {
      "0": {
        "loc": {
          "start": { "line": 13, "column": 0 },
          "end": { "line": 15, "column": 1 }
        },
        "type": "if",
        "locations": [
          {
            "start": { "line": 13, "column": 0 },
            "end": { "line": 15, "column": 1 }
          }
        ]
      }
    },
    "s": {
      "0": 1,
      "1": 1,
      "2": 1,
      "3": 1,
      "4": 1,
      "5": 0,
      "6": 0,
      "7": 0,
      "8": 0,
      "9": 1,
      "10": 0
    },
    "f": { "0": 0 },
    "b": { "0": [0] }
  },
  "/home/ubuntu/repos/rosettanet/src/logger.ts": {
    "path": "/home/ubuntu/repos/rosettanet/src/logger.ts",
    "statementMap": {
      "0": {
        "start": { "line": 5, "column": 0 },
        "end": { "line": 5, "column": 16 }
      },
      "1": {
        "start": { "line": 9, "column": 0 },
        "end": { "line": 9, "column": 16 }
      },
      "2": {
        "start": { "line": 21, "column": 0 },
        "end": { "line": 21, "column": 16 }
      },
      "3": {
        "start": { "line": 1, "column": 0 },
        "end": { "line": 1, "column": 38 }
      },
      "4": {
        "start": { "line": 3, "column": 0 },
        "end": { "line": 3, "column": 63 }
      },
      "5": {
        "start": { "line": 6, "column": 2 },
        "end": { "line": 6, "column": null }
      },
      "6": {
        "start": { "line": 13, "column": 2 },
        "end": { "line": 13, "column": null }
      },
      "7": {
        "start": { "line": 17, "column": 18 },
        "end": { "line": 17, "column": 53 }
      },
      "8": {
        "start": { "line": 18, "column": 2 },
        "end": { "line": 18, "column": null }
      },
      "9": {
        "start": { "line": 22, "column": 20 },
        "end": { "line": 22, "column": 34 }
      },
      "10": {
        "start": { "line": 23, "column": 2 },
        "end": { "line": 25, "column": 3 }
      },
      "11": {
        "start": { "line": 24, "column": 4 },
        "end": { "line": 24, "column": 10 }
      },
      "12": {
        "start": { "line": 28, "column": 22 },
        "end": { "line": 28, "column": 47 }
      },
      "13": {
        "start": { "line": 30, "column": 2 },
        "end": { "line": 32, "column": 3 }
      },
      "14": {
        "start": { "line": 31, "column": 4 },
        "end": { "line": 31, "column": 10 }
      },
      "15": {
        "start": { "line": 34, "column": 22 },
        "end": { "line": 34, "column": 38 }
      },
      "16": {
        "start": { "line": 36, "column": 18 },
        "end": { "line": 36, "column": 36 }
      },
      "17": {
        "start": { "line": 38, "column": 20 },
        "end": { "line": 38, "column": 36 }
      },
      "18": {
        "start": { "line": 40, "column": 2 },
        "end": { "line": 40, "column": null }
      },
      "19": {
        "start": { "line": 41, "column": 2 },
        "end": { "line": 41, "column": 8 }
      },
      "20": {
        "start": { "line": 51, "column": 14 },
        "end": { "line": 51, "column": 24 }
      },
      "21": {
        "start": { "line": 53, "column": 27 },
        "end": { "line": 53, "column": 133 }
      },
      "22": {
        "start": { "line": 54, "column": 2 },
        "end": { "line": 70, "column": 3 }
      },
      "23": {
        "start": { "line": 55, "column": 4 },
        "end": { "line": 69, "column": 5 }
      },
      "24": {
        "start": { "line": 56, "column": 6 },
        "end": { "line": 61, "column": null }
      },
      "25": {
        "start": { "line": 63, "column": 6 },
        "end": { "line": 68, "column": null }
      },
      "26": {
        "start": { "line": 71, "column": 2 },
        "end": { "line": 75, "column": 3 }
      },
      "27": {
        "start": { "line": 73, "column": 4 },
        "end": { "line": 73, "column": null }
      },
      "28": {
        "start": { "line": 74, "column": 4 },
        "end": { "line": 74, "column": 10 }
      },
      "29": {
        "start": { "line": 77, "column": 2 },
        "end": { "line": 83, "column": 3 }
      },
      "30": {
        "start": { "line": 78, "column": 19 },
        "end": { "line": 78, "column": 61 }
      },
      "31": {
        "start": { "line": 80, "column": 4 },
        "end": { "line": 82, "column": null }
      },
      "32": {
        "start": { "line": 81, "column": 6 },
        "end": { "line": 81, "column": null }
      },
      "33": {
        "start": { "line": 87, "column": 2 },
        "end": { "line": 96, "column": 3 }
      },
      "34": {
        "start": { "line": 89, "column": 6 },
        "end": { "line": 89, "column": null }
      },
      "35": {
        "start": { "line": 91, "column": 6 },
        "end": { "line": 91, "column": null }
      },
      "36": {
        "start": { "line": 93, "column": 6 },
        "end": { "line": 93, "column": null }
      },
      "37": {
        "start": { "line": 95, "column": 6 },
        "end": { "line": 95, "column": null }
      },
      "38": {
        "start": { "line": 100, "column": 2 },
        "end": { "line": 109, "column": 3 }
      },
      "39": {
        "start": { "line": 102, "column": 6 },
        "end": { "line": 102, "column": null }
      },
      "40": {
        "start": { "line": 104, "column": 6 },
        "end": { "line": 104, "column": null }
      },
      "41": {
        "start": { "line": 106, "column": 6 },
        "end": { "line": 106, "column": null }
      },
      "42": {
        "start": { "line": 108, "column": 6 },
        "end": { "line": 108, "column": null }
      },
      "43": {
        "start": { "line": 113, "column": 22 },
        "end": { "line": 113, "column": 64 }
      },
      "44": {
        "start": { "line": 115, "column": 2 },
        "end": { "line": 117, "column": 3 }
      },
      "45": {
        "start": { "line": 116, "column": 4 },
        "end": { "line": 116, "column": null }
      },
      "46": {
        "start": { "line": 119, "column": 2 },
        "end": { "line": 119, "column": null }
      }
    },
    "fnMap": {
      "0": {
        "name": "isSnifferActive",
        "decl": {
          "start": { "line": 5, "column": 16 },
          "end": { "line": 5, "column": 31 }
        },
        "loc": {
          "start": { "line": 5, "column": 31 },
          "end": { "line": 7, "column": 1 }
        }
      },
      "1": {
        "name": "snifferOutput",
        "decl": {
          "start": { "line": 9, "column": 16 },
          "end": { "line": 9, "column": 29 }
        },
        "loc": {
          "start": { "line": 11, "column": 34 },
          "end": { "line": 14, "column": 1 }
        }
      },
      "2": {
        "name": "getLogConfig",
        "decl": {
          "start": { "line": 16, "column": 9 },
          "end": { "line": 16, "column": 21 }
        },
        "loc": {
          "start": { "line": 16, "column": 21 },
          "end": { "line": 19, "column": 1 }
        }
      },
      "3": {
        "name": "writeLog",
        "decl": {
          "start": { "line": 21, "column": 16 },
          "end": { "line": 21, "column": 24 }
        },
        "loc": {
          "start": { "line": 21, "column": 55 },
          "end": { "line": 42, "column": 1 }
        }
      },
      "4": {
        "name": "appendLog",
        "decl": {
          "start": { "line": 44, "column": 9 },
          "end": { "line": 44, "column": 18 }
        },
        "loc": {
          "start": { "line": 49, "column": 14 },
          "end": { "line": 84, "column": 1 }
        }
      },
      "5": {
        "name": "(anonymous_5)",
        "decl": {
          "start": { "line": 80, "column": 24 },
          "end": { "line": 80, "column": 34 }
        },
        "loc": {
          "start": { "line": 80, "column": 36 },
          "end": { "line": 82, "column": 5 }
        }
      },
      "6": {
        "name": "getConsoleColor",
        "decl": {
          "start": { "line": 86, "column": 9 },
          "end": { "line": 86, "column": 24 }
        },
        "loc": {
          "start": { "line": 86, "column": 41 },
          "end": { "line": 97, "column": 1 }
        }
      },
      "7": {
        "name": "getSeverityString",
        "decl": {
          "start": { "line": 99, "column": 9 },
          "end": { "line": 99, "column": 26 }
        },
        "loc": {
          "start": { "line": 99, "column": 43 },
          "end": { "line": 110, "column": 1 }
        }
      },
      "8": {
        "name": "getMinimumSeverityLevel",
        "decl": {
          "start": { "line": 112, "column": 9 },
          "end": { "line": 112, "column": 32 }
        },
        "loc": {
          "start": { "line": 112, "column": 32 },
          "end": { "line": 120, "column": 1 }
        }
      }
    },
    "branchMap": {
      "0": {
        "loc": {
          "start": { "line": 23, "column": 2 },
          "end": { "line": 25, "column": 3 }
        },
        "type": "if",
        "locations": [
          {
            "start": { "line": 23, "column": 2 },
            "end": { "line": 25, "column": 3 }
          }
        ]
      },
      "1": {
        "loc": {
          "start": { "line": 30, "column": 2 },
          "end": { "line": 32, "column": 3 }
        },
        "type": "if",
        "locations": [
          {
            "start": { "line": 30, "column": 2 },
            "end": { "line": 32, "column": 3 }
          }
        ]
      },
      "2": {
        "loc": {
          "start": { "line": 54, "column": 2 },
          "end": { "line": 70, "column": 3 }
        },
        "type": "if",
        "locations": [
          {
            "start": { "line": 54, "column": 2 },
            "end": { "line": 70, "column": 3 }
          }
        ]
      },
      "3": {
        "loc": {
          "start": { "line": 71, "column": 2 },
          "end": { "line": 75, "column": 3 }
        },
        "type": "if",
        "locations": [
          {
            "start": { "line": 71, "column": 2 },
            "end": { "line": 75, "column": 3 }
          }
        ]
      },
      "4": {
        "loc": {
          "start": { "line": 77, "column": 2 },
          "end": { "line": 83, "column": 3 }
        },
        "type": "if",
        "locations": [
          {
            "start": { "line": 77, "column": 2 },
            "end": { "line": 83, "column": 3 }
          }
        ]
      },
      "5": {
        "loc": {
          "start": { "line": 87, "column": 2 },
          "end": { "line": 96, "column": 3 }
        },
        "type": "switch",
        "locations": [
          {
            "start": { "line": 88, "column": 4 },
            "end": { "line": 89, "column": null }
          },
          {
            "start": { "line": 90, "column": 4 },
            "end": { "line": 91, "column": null }
          },
          {
            "start": { "line": 92, "column": 4 },
            "end": { "line": 93, "column": null }
          },
          {
            "start": { "line": 94, "column": 4 },
            "end": { "line": 95, "column": null }
          }
        ]
      },
      "6": {
        "loc": {
          "start": { "line": 100, "column": 2 },
          "end": { "line": 109, "column": 3 }
        },
        "type": "switch",
        "locations": [
          {
            "start": { "line": 101, "column": 4 },
            "end": { "line": 102, "column": null }
          },
          {
            "start": { "line": 103, "column": 4 },
            "end": { "line": 104, "column": null }
          },
          {
            "start": { "line": 105, "column": 4 },
            "end": { "line": 106, "column": null }
          },
          {
            "start": { "line": 107, "column": 4 },
            "end": { "line": 108, "column": null }
          }
        ]
      },
      "7": {
        "loc": {
          "start": { "line": 115, "column": 2 },
          "end": { "line": 117, "column": 3 }
        },
        "type": "if",
        "locations": [
          {
            "start": { "line": 115, "column": 2 },
            "end": { "line": 117, "column": 3 }
          }
        ]
      }
    },
    "s": {
      "0": 8,
      "1": 8,
      "2": 8,
      "3": 8,
      "4": 8,
      "5": 0,
      "6": 0,
      "7": 2,
      "8": 2,
      "9": 2,
      "10": 2,
      "11": 0,
      "12": 2,
      "13": 2,
      "14": 0,
      "15": 2,
      "16": 2,
      "17": 2,
      "18": 2,
      "19": 2,
      "20": 2,
      "21": 2,
      "22": 2,
      "23": 0,
      "24": 0,
      "25": 0,
      "26": 2,
      "27": 2,
      "28": 2,
      "29": 0,
      "30": 0,
      "31": 0,
      "32": 0,
      "33": 2,
      "34": 0,
      "35": 0,
      "36": 2,
      "37": 0,
      "38": 2,
      "39": 0,
      "40": 0,
      "41": 2,
      "42": 0,
      "43": 2,
      "44": 2,
      "45": 0,
      "46": 2
    },
    "f": {
      "0": 0,
      "1": 0,
      "2": 2,
      "3": 2,
      "4": 2,
      "5": 0,
      "6": 2,
      "7": 2,
      "8": 2
    },
    "b": {
      "0": [0],
      "1": [0],
      "2": [0],
      "3": [2],
      "4": [0],
      "5": [0, 0, 2, 0],
      "6": [0, 0, 2, 0],
      "7": [0]
    }
  },
  "/home/ubuntu/repos/rosettanet/src/server.ts": {
    "path": "/home/ubuntu/repos/rosettanet/src/server.ts",
    "statementMap": {
      "0": {
        "start": { "line": 10, "column": 0 },
        "end": { "line": 10, "column": 16 }
      },
      "1": {
        "start": { "line": 1, "column": 0 },
        "end": { "line": 1, "column": 46 }
      },
      "2": {
        "start": { "line": 2, "column": 0 },
        "end": { "line": 2, "column": 45 }
      },
      "3": {
        "start": { "line": 3, "column": 0 },
        "end": { "line": 3, "column": 23 }
      },
      "4": {
        "start": { "line": 5, "column": 0 },
        "end": { "line": 5, "column": 32 }
      },
      "5": {
        "start": { "line": 6, "column": 0 },
        "end": { "line": 6, "column": 63 }
      },
      "6": {
        "start": { "line": 7, "column": 0 },
        "end": { "line": 7, "column": 35 }
      },
      "7": {
        "start": { "line": 8, "column": 0 },
        "end": { "line": 8, "column": 29 }
      },
      "8": {
        "start": { "line": 11, "column": 27 },
        "end": { "line": 11, "column": 36 }
      },
      "9": {
        "start": { "line": 12, "column": 15 },
        "end": { "line": 12, "column": 47 }
      },
      "10": {
        "start": { "line": 13, "column": 15 },
        "end": { "line": 13, "column": 63 }
      },
      "11": {
        "start": { "line": 15, "column": 2 },
        "end": { "line": 15, "column": null }
      },
      "12": {
        "start": { "line": 16, "column": 2 },
        "end": { "line": 16, "column": null }
      },
      "13": {
        "start": { "line": 17, "column": 2 },
        "end": { "line": 17, "column": null }
      },
      "14": {
        "start": { "line": 18, "column": 2 },
        "end": { "line": 18, "column": null }
      },
      "15": {
        "start": { "line": 19, "column": 2 },
        "end": { "line": 19, "column": null }
      },
      "16": {
        "start": { "line": 21, "column": 2 },
        "end": { "line": 21, "column": null }
      },
      "17": {
        "start": { "line": 23, "column": 17 },
        "end": { "line": 37, "column": 4 }
      },
      "18": {
        "start": { "line": 25, "column": 4 },
        "end": { "line": 25, "column": null }
      },
      "19": {
        "start": { "line": 27, "column": 4 },
        "end": { "line": 36, "column": null }
      },
      "20": {
        "start": { "line": 28, "column": 22 },
        "end": { "line": 28, "column": 57 }
      },
      "21": {
        "start": { "line": 29, "column": 6 },
        "end": { "line": 35, "column": null }
      },
      "22": {
        "start": { "line": 30, "column": 8 },
        "end": { "line": 32, "column": 9 }
      },
      "23": {
        "start": { "line": 31, "column": 10 },
        "end": { "line": 31, "column": null }
      },
      "24": {
        "start": { "line": 33, "column": 8 },
        "end": { "line": 33, "column": null }
      },
      "25": {
        "start": { "line": 34, "column": 8 },
        "end": { "line": 34, "column": null }
      },
      "26": {
        "start": { "line": 39, "column": 2 },
        "end": { "line": 45, "column": 5 }
      },
      "27": {
        "start": { "line": 40, "column": 4 },
        "end": { "line": 40, "column": 38 }
      },
      "28": {
        "start": { "line": 41, "column": 4 },
        "end": { "line": 44, "column": 7 }
      },
      "29": {
        "start": { "line": 42, "column": 6 },
        "end": { "line": 42, "column": 39 }
      },
      "30": {
        "start": { "line": 43, "column": 6 },
        "end": { "line": 43, "column": 22 }
      }
    },
    "fnMap": {
      "0": {
        "name": "StartListening",
        "decl": {
          "start": { "line": 10, "column": 16 },
          "end": { "line": 10, "column": 30 }
        },
        "loc": {
          "start": { "line": 10, "column": 30 },
          "end": { "line": 46, "column": 1 }
        }
      },
      "1": {
        "name": "(anonymous_2)",
        "decl": {
          "start": { "line": 23, "column": 40 },
          "end": { "line": 23, "column": 49 }
        },
        "loc": {
          "start": { "line": 23, "column": 51 },
          "end": { "line": 37, "column": 3 }
        }
      },
      "2": {
        "name": "(anonymous_3)",
        "decl": {
          "start": { "line": 27, "column": 21 },
          "end": { "line": 27, "column": 22 }
        },
        "loc": {
          "start": { "line": 27, "column": 34 },
          "end": { "line": 36, "column": 5 }
        }
      },
      "3": {
        "name": "(anonymous_4)",
        "decl": {
          "start": { "line": 29, "column": 41 },
          "end": { "line": 29, "column": 42 }
        },
        "loc": {
          "start": { "line": 29, "column": 55 },
          "end": { "line": 35, "column": 7 }
        }
      },
      "4": {
        "name": "(anonymous_5)",
        "decl": {
          "start": { "line": 39, "column": 23 },
          "end": { "line": 39, "column": 26 }
        },
        "loc": {
          "start": { "line": 39, "column": 28 },
          "end": { "line": 45, "column": 3 }
        }
      },
      "5": {
        "name": "(anonymous_6)",
        "decl": {
          "start": { "line": 41, "column": 17 },
          "end": { "line": 41, "column": 20 }
        },
        "loc": {
          "start": { "line": 41, "column": 22 },
          "end": { "line": 44, "column": 5 }
        }
      }
    },
    "branchMap": {
      "0": {
        "loc": {
          "start": { "line": 13, "column": 15 },
          "end": { "line": 13, "column": 63 }
        },
        "type": "binary-expr",
        "locations": [
          {
            "start": { "line": 13, "column": 15 },
            "end": { "line": 13, "column": 55 }
          },
          {
            "start": { "line": 13, "column": 59 },
            "end": { "line": 13, "column": 63 }
          }
        ]
      },
      "1": {
        "loc": {
          "start": { "line": 30, "column": 8 },
          "end": { "line": 32, "column": 9 }
        },
        "type": "if",
        "locations": [
          {
            "start": { "line": 30, "column": 8 },
            "end": { "line": 32, "column": 9 }
          }
        ]
      }
    },
    "s": {
      "0": 1,
      "1": 1,
      "2": 1,
      "3": 1,
      "4": 1,
      "5": 1,
      "6": 1,
      "7": 1,
      "8": 0,
      "9": 0,
      "10": 0,
      "11": 0,
      "12": 0,
      "13": 0,
      "14": 0,
      "15": 0,
      "16": 0,
      "17": 0,
      "18": 0,
      "19": 0,
      "20": 0,
      "21": 0,
      "22": 0,
      "23": 0,
      "24": 0,
      "25": 0,
      "26": 0,
      "27": 0,
      "28": 0,
      "29": 0,
      "30": 0
    },
    "f": { "0": 0, "1": 0, "2": 0, "3": 0, "4": 0, "5": 0 },
    "b": { "0": [0, 0], "1": [0] }
  },
  "/home/ubuntu/repos/rosettanet/src/cache/blockNumber.ts": {
    "path": "/home/ubuntu/repos/rosettanet/src/cache/blockNumber.ts",
    "statementMap": {
      "0": {
        "start": { "line": 8, "column": 0 },
        "end": { "line": 8, "column": 16 }
      },
      "1": {
        "start": { "line": 32, "column": 0 },
        "end": { "line": 32, "column": 22 }
      },
      "2": {
        "start": { "line": 1, "column": 0 },
        "end": { "line": 1, "column": 36 }
      },
      "3": {
        "start": { "line": 2, "column": 0 },
        "end": { "line": 2, "column": 56 }
      },
      "4": {
        "start": { "line": 4, "column": 0 },
        "end": { "line": 4, "column": 50 }
      },
      "5": {
        "start": { "line": 6, "column": 32 },
        "end": { "line": 6, "column": 34 }
      },
      "6": {
        "start": { "line": 9, "column": 2 },
        "end": { "line": 11, "column": 3 }
      },
      "7": {
        "start": { "line": 10, "column": 4 },
        "end": { "line": 10, "column": null }
      },
      "8": {
        "start": { "line": 12, "column": 2 },
        "end": { "line": 12, "column": null }
      },
      "9": {
        "start": { "line": 16, "column": 51 },
        "end": { "line": 21, "column": 4 }
      },
      "10": {
        "start": { "line": 23, "column": 2 },
        "end": { "line": 26, "column": 3 }
      },
      "11": {
        "start": { "line": 24, "column": 4 },
        "end": { "line": 24, "column": null }
      },
      "12": {
        "start": { "line": 25, "column": 4 },
        "end": { "line": 25, "column": 10 }
      },
      "13": {
        "start": { "line": 28, "column": 2 },
        "end": { "line": 28, "column": null }
      },
      "14": {
        "start": { "line": 29, "column": 2 },
        "end": { "line": 29, "column": 8 }
      },
      "15": {
        "start": { "line": 34, "column": 2 },
        "end": { "line": 38, "column": 3 }
      },
      "16": {
        "start": { "line": 35, "column": 4 },
        "end": { "line": 35, "column": null }
      },
      "17": {
        "start": { "line": 37, "column": 4 },
        "end": { "line": 37, "column": 67 }
      },
      "18": {
        "start": { "line": 37, "column": 39 },
        "end": { "line": 37, "column": 65 }
      }
    },
    "fnMap": {
      "0": {
        "name": "getCachedBlockNumber",
        "decl": {
          "start": { "line": 8, "column": 16 },
          "end": { "line": 8, "column": 36 }
        },
        "loc": {
          "start": { "line": 8, "column": 36 },
          "end": { "line": 13, "column": 1 }
        }
      },
      "1": {
        "name": "updateBlockNumber",
        "decl": {
          "start": { "line": 15, "column": 15 },
          "end": { "line": 15, "column": 32 }
        },
        "loc": {
          "start": { "line": 15, "column": 32 },
          "end": { "line": 30, "column": null }
        }
      },
      "2": {
        "name": "syncBlockNumber",
        "decl": {
          "start": { "line": 32, "column": 22 },
          "end": { "line": 32, "column": 37 }
        },
        "loc": {
          "start": { "line": 32, "column": 37 },
          "end": { "line": 39, "column": null }
        }
      },
      "3": {
        "name": "(anonymous_12)",
        "decl": {
          "start": { "line": 37, "column": 28 },
          "end": { "line": 37, "column": 35 }
        },
        "loc": {
          "start": { "line": 37, "column": 39 },
          "end": { "line": 37, "column": 65 }
        }
      }
    },
    "branchMap": {
      "0": {
        "loc": {
          "start": { "line": 9, "column": 2 },
          "end": { "line": 11, "column": 3 }
        },
        "type": "if",
        "locations": [
          {
            "start": { "line": 9, "column": 2 },
            "end": { "line": 11, "column": 3 }
          }
        ]
      },
      "1": {
        "loc": {
          "start": { "line": 23, "column": 2 },
          "end": { "line": 26, "column": 3 }
        },
        "type": "if",
        "locations": [
          {
            "start": { "line": 23, "column": 2 },
            "end": { "line": 26, "column": 3 }
          }
        ]
      }
    },
    "s": {
      "0": 2,
      "1": 2,
      "2": 2,
      "3": 2,
      "4": 2,
      "5": 2,
      "6": 1,
      "7": 1,
      "8": 0,
      "9": 0,
      "10": 0,
      "11": 0,
      "12": 0,
      "13": 0,
      "14": 0,
      "15": 0,
      "16": 0,
      "17": 0,
      "18": 0
    },
    "f": { "0": 1, "1": 0, "2": 0, "3": 0 },
    "b": { "0": [1], "1": [0] }
  },
  "/home/ubuntu/repos/rosettanet/src/cache/gasPrice.ts": {
    "path": "/home/ubuntu/repos/rosettanet/src/cache/gasPrice.ts",
    "statementMap": {
      "0": {
        "start": { "line": 18, "column": 0 },
        "end": { "line": 18, "column": 16 }
      },
      "1": {
        "start": { "line": 74, "column": 0 },
        "end": { "line": 74, "column": 22 }
      },
      "2": {
        "start": { "line": 1, "column": 0 },
        "end": { "line": 1, "column": 36 }
      },
      "3": {
        "start": { "line": 2, "column": 0 },
        "end": { "line": 2, "column": 56 }
      },
      "4": {
        "start": { "line": 4, "column": 0 },
        "end": { "line": 4, "column": 50 }
      },
      "5": {
        "start": { "line": 5, "column": 0 },
        "end": { "line": 5, "column": 47 }
      },
      "6": {
        "start": { "line": 19, "column": 2 },
        "end": { "line": 28, "column": 3 }
      },
      "7": {
        "start": { "line": 20, "column": 4 },
        "end": { "line": 27, "column": null }
      },
      "8": {
        "start": { "line": 29, "column": 2 },
        "end": { "line": 29, "column": null }
      },
      "9": {
        "start": { "line": 33, "column": 2 },
        "end": { "line": 71, "column": 3 }
      },
      "10": {
        "start": { "line": 34, "column": 58 },
        "end": { "line": 39, "column": 6 }
      },
      "11": {
        "start": { "line": 41, "column": 4 },
        "end": { "line": 44, "column": 5 }
      },
      "12": {
        "start": { "line": 42, "column": 6 },
        "end": { "line": 42, "column": null }
      },
      "13": {
        "start": { "line": 43, "column": 6 },
        "end": { "line": 43, "column": 12 }
      },
      "14": {
        "start": { "line": 46, "column": 18 },
        "end": { "line": 46, "column": 51 }
      },
      "15": {
        "start": { "line": 47, "column": 22 },
        "end": { "line": 47, "column": 60 }
      },
      "16": {
        "start": { "line": 49, "column": 4 },
        "end": { "line": 52, "column": 5 }
      },
      "17": {
        "start": { "line": 50, "column": 6 },
        "end": { "line": 50, "column": null }
      },
      "18": {
        "start": { "line": 51, "column": 6 },
        "end": { "line": 51, "column": 12 }
      },
      "19": {
        "start": { "line": 53, "column": 4 },
        "end": { "line": 65, "column": null }
      },
      "20": {
        "start": { "line": 66, "column": 4 },
        "end": { "line": 66, "column": null }
      },
      "21": {
        "start": { "line": 67, "column": 4 },
        "end": { "line": 67, "column": 10 }
      },
      "22": {
        "start": { "line": 70, "column": 4 },
        "end": { "line": 70, "column": null }
      },
      "23": {
        "start": { "line": 76, "column": 2 },
        "end": { "line": 79, "column": 3 }
      },
      "24": {
        "start": { "line": 77, "column": 4 },
        "end": { "line": 77, "column": null }
      },
      "25": {
        "start": { "line": 78, "column": 4 },
        "end": { "line": 78, "column": 67 }
      },
      "26": {
        "start": { "line": 78, "column": 39 },
        "end": { "line": 78, "column": 65 }
      }
    },
    "fnMap": {
      "0": {
        "name": "getCachedGasPrice",
        "decl": {
          "start": { "line": 18, "column": 16 },
          "end": { "line": 18, "column": 33 }
        },
        "loc": {
          "start": { "line": 18, "column": 33 },
          "end": { "line": 30, "column": 1 }
        }
      },
      "1": {
        "name": "updateGasPrice",
        "decl": {
          "start": { "line": 32, "column": 15 },
          "end": { "line": 32, "column": 29 }
        },
        "loc": {
          "start": { "line": 32, "column": 29 },
          "end": { "line": 72, "column": null }
        }
      },
      "2": {
        "name": "syncGasPrice",
        "decl": {
          "start": { "line": 74, "column": 22 },
          "end": { "line": 74, "column": 34 }
        },
        "loc": {
          "start": { "line": 74, "column": 34 },
          "end": { "line": 80, "column": null }
        }
      },
      "3": {
        "name": "(anonymous_12)",
        "decl": {
          "start": { "line": 78, "column": 28 },
          "end": { "line": 78, "column": 35 }
        },
        "loc": {
          "start": { "line": 78, "column": 39 },
          "end": { "line": 78, "column": 65 }
        }
      }
    },
    "branchMap": {
      "0": {
        "loc": {
          "start": { "line": 19, "column": 2 },
          "end": { "line": 28, "column": 3 }
        },
        "type": "if",
        "locations": [
          {
            "start": { "line": 19, "column": 2 },
            "end": { "line": 28, "column": 3 }
          }
        ]
      },
      "1": {
        "loc": {
          "start": { "line": 41, "column": 4 },
          "end": { "line": 44, "column": 5 }
        },
        "type": "if",
        "locations": [
          {
            "start": { "line": 41, "column": 4 },
            "end": { "line": 44, "column": 5 }
          }
        ]
      },
      "2": {
        "loc": {
          "start": { "line": 49, "column": 4 },
          "end": { "line": 52, "column": 5 }
        },
        "type": "if",
        "locations": [
          {
            "start": { "line": 49, "column": 4 },
            "end": { "line": 52, "column": 5 }
          }
        ]
      },
      "3": {
        "loc": {
          "start": { "line": 62, "column": 13 },
          "end": { "line": 62, "column": 36 }
        },
        "type": "cond-expr",
        "locations": [
          {
            "start": { "line": 62, "column": 22 },
            "end": { "line": 62, "column": 24 }
          },
          {
            "start": { "line": 62, "column": 13 },
            "end": { "line": 62, "column": 36 }
          }
        ]
      },
      "4": {
        "loc": {
          "start": { "line": 62, "column": 13 },
          "end": { "line": 62, "column": 24 }
        },
        "type": "binary-expr",
        "locations": [
          {
            "start": { "line": 62, "column": 13 },
            "end": { "line": 62, "column": 24 }
          },
          {
            "start": { "line": 62, "column": 13 },
            "end": { "line": 62, "column": 24 }
          }
        ]
      },
      "5": {
        "loc": {
          "start": { "line": 63, "column": 13 },
          "end": { "line": 63, "column": 36 }
        },
        "type": "cond-expr",
        "locations": [
          {
            "start": { "line": 63, "column": 22 },
            "end": { "line": 63, "column": 24 }
          },
          {
            "start": { "line": 63, "column": 13 },
            "end": { "line": 63, "column": 36 }
          }
        ]
      },
      "6": {
        "loc": {
          "start": { "line": 63, "column": 13 },
          "end": { "line": 63, "column": 24 }
        },
        "type": "binary-expr",
        "locations": [
          {
            "start": { "line": 63, "column": 13 },
            "end": { "line": 63, "column": 24 }
          },
          {
            "start": { "line": 63, "column": 13 },
            "end": { "line": 63, "column": 24 }
          }
        ]
      }
    },
    "s": {
      "0": 2,
      "1": 2,
      "2": 2,
      "3": 2,
      "4": 2,
      "5": 2,
      "6": 1,
      "7": 1,
      "8": 0,
      "9": 0,
      "10": 0,
      "11": 0,
      "12": 0,
      "13": 0,
      "14": 0,
      "15": 0,
      "16": 0,
      "17": 0,
      "18": 0,
      "19": 0,
      "20": 0,
      "21": 0,
      "22": 0,
      "23": 0,
      "24": 0,
      "25": 0,
      "26": 0
    },
    "f": { "0": 1, "1": 0, "2": 0, "3": 0 },
    "b": {
      "0": [1],
      "1": [0],
      "2": [0],
      "3": [0, 0],
      "4": [0, 0],
      "5": [0, 0],
      "6": [0, 0]
    }
  },
  "/home/ubuntu/repos/rosettanet/src/rpc/calls.ts": {
    "path": "/home/ubuntu/repos/rosettanet/src/rpc/calls.ts",
    "statementMap": {
      "0": {
        "start": { "line": 1, "column": 0 },
        "end": { "line": 1, "column": 42 }
      },
      "1": {
        "start": { "line": 8, "column": 0 },
        "end": { "line": 8, "column": 48 }
      },
      "2": {
        "start": { "line": 9, "column": 0 },
        "end": { "line": 9, "column": 74 }
      },
      "3": {
        "start": { "line": 10, "column": 0 },
        "end": { "line": 10, "column": 50 }
      },
      "4": {
        "start": { "line": 11, "column": 0 },
        "end": { "line": 11, "column": 56 }
      },
      "5": {
        "start": { "line": 12, "column": 0 },
        "end": { "line": 12, "column": 58 }
      },
      "6": {
        "start": { "line": 13, "column": 0 },
        "end": { "line": 13, "column": 54 }
      },
      "7": {
        "start": { "line": 14, "column": 0 },
        "end": { "line": 14, "column": 62 }
      },
      "8": {
        "start": { "line": 15, "column": 0 },
        "end": { "line": 15, "column": 101 }
      },
      "9": {
        "start": { "line": 16, "column": 0 },
        "end": { "line": 16, "column": 105 }
      },
      "10": {
        "start": { "line": 17, "column": 0 },
        "end": { "line": 17, "column": 94 }
      },
      "11": {
        "start": { "line": 18, "column": 0 },
        "end": { "line": 18, "column": 48 }
      },
      "12": {
        "start": { "line": 19, "column": 0 },
        "end": { "line": 19, "column": 98 }
      },
      "13": {
        "start": { "line": 20, "column": 0 },
        "end": { "line": 20, "column": 76 }
      },
      "14": {
        "start": { "line": 21, "column": 0 },
        "end": { "line": 21, "column": 54 }
      },
      "15": {
        "start": { "line": 22, "column": 0 },
        "end": { "line": 22, "column": 66 }
      },
      "16": {
        "start": { "line": 23, "column": 0 },
        "end": { "line": 23, "column": 75 }
      },
      "17": {
        "start": { "line": 24, "column": 0 },
        "end": { "line": 24, "column": 58 }
      },
      "18": {
        "start": { "line": 25, "column": 0 },
        "end": { "line": 25, "column": 48 }
      },
      "19": {
        "start": { "line": 26, "column": 0 },
        "end": { "line": 26, "column": 51 }
      },
      "20": {
        "start": { "line": 27, "column": 0 },
        "end": { "line": 27, "column": 72 }
      },
      "21": {
        "start": { "line": 28, "column": 0 },
        "end": { "line": 28, "column": 56 }
      },
      "22": {
        "start": { "line": 29, "column": 0 },
        "end": { "line": 29, "column": 50 }
      },
      "23": {
        "start": { "line": 30, "column": 0 },
        "end": { "line": 30, "column": 54 }
      },
      "24": {
        "start": { "line": 31, "column": 0 },
        "end": { "line": 31, "column": 56 }
      },
      "25": {
        "start": { "line": 32, "column": 0 },
        "end": { "line": 32, "column": 68 }
      },
      "26": {
        "start": { "line": 33, "column": 0 },
        "end": { "line": 33, "column": 64 }
      },
      "27": {
        "start": { "line": 34, "column": 0 },
        "end": { "line": 34, "column": 48 }
      },
      "28": {
        "start": { "line": 35, "column": 0 },
        "end": { "line": 35, "column": 46 }
      },
      "29": {
        "start": { "line": 36, "column": 0 },
        "end": { "line": 36, "column": 50 }
      },
      "30": {
        "start": { "line": 37, "column": 0 },
        "end": { "line": 37, "column": 58 }
      },
      "31": {
        "start": { "line": 38, "column": 0 },
        "end": { "line": 38, "column": 68 }
      },
      "32": {
        "start": { "line": 39, "column": 0 },
        "end": { "line": 39, "column": 58 }
      },
      "33": {
        "start": { "line": 40, "column": 0 },
        "end": { "line": 40, "column": 88 }
      },
      "34": {
        "start": { "line": 41, "column": 0 },
        "end": { "line": 41, "column": 92 }
      },
      "35": {
        "start": { "line": 42, "column": 0 },
        "end": { "line": 42, "column": 86 }
      },
      "36": {
        "start": { "line": 43, "column": 0 },
        "end": { "line": 43, "column": 82 }
      },
      "37": {
        "start": { "line": 44, "column": 0 },
        "end": { "line": 44, "column": 56 }
      },
      "38": {
        "start": { "line": 45, "column": 0 },
        "end": { "line": 45, "column": 66 }
      },
      "39": {
        "start": { "line": 46, "column": 0 },
        "end": { "line": 46, "column": 70 }
      },
      "40": {
        "start": { "line": 47, "column": 0 },
        "end": { "line": 47, "column": 66 }
      },
      "41": {
        "start": { "line": 48, "column": 0 },
        "end": { "line": 48, "column": 48 }
      },
      "42": {
        "start": { "line": 50, "column": 23 },
        "end": { "line": 50, "column": 31 }
      },
      "43": {
        "start": { "line": 52, "column": 16 },
        "end": { "line": 52, "column": 52 }
      },
      "44": {
        "start": { "line": 53, "column": 0 },
        "end": { "line": 56, "column": null }
      },
      "45": {
        "start": { "line": 58, "column": 0 },
        "end": { "line": 61, "column": null }
      },
      "46": {
        "start": { "line": 63, "column": 0 },
        "end": { "line": 66, "column": null }
      },
      "47": {
        "start": { "line": 68, "column": 0 },
        "end": { "line": 71, "column": null }
      },
      "48": {
        "start": { "line": 73, "column": 0 },
        "end": { "line": 76, "column": null }
      },
      "49": {
        "start": { "line": 78, "column": 0 },
        "end": { "line": 81, "column": null }
      },
      "50": {
        "start": { "line": 83, "column": 0 },
        "end": { "line": 86, "column": null }
      },
      "51": {
        "start": { "line": 88, "column": 0 },
        "end": { "line": 91, "column": null }
      },
      "52": {
        "start": { "line": 93, "column": 0 },
        "end": { "line": 96, "column": null }
      },
      "53": {
        "start": { "line": 98, "column": 0 },
        "end": { "line": 101, "column": null }
      },
      "54": {
        "start": { "line": 103, "column": 0 },
        "end": { "line": 106, "column": null }
      },
      "55": {
        "start": { "line": 108, "column": 0 },
        "end": { "line": 111, "column": null }
      },
      "56": {
        "start": { "line": 113, "column": 0 },
        "end": { "line": 116, "column": null }
      },
      "57": {
        "start": { "line": 118, "column": 0 },
        "end": { "line": 121, "column": null }
      },
      "58": {
        "start": { "line": 123, "column": 0 },
        "end": { "line": 126, "column": null }
      },
      "59": {
        "start": { "line": 128, "column": 0 },
        "end": { "line": 131, "column": null }
      },
      "60": {
        "start": { "line": 133, "column": 0 },
        "end": { "line": 136, "column": null }
      },
      "61": {
        "start": { "line": 138, "column": 0 },
        "end": { "line": 141, "column": null }
      },
      "62": {
        "start": { "line": 143, "column": 0 },
        "end": { "line": 146, "column": null }
      },
      "63": {
        "start": { "line": 148, "column": 0 },
        "end": { "line": 151, "column": null }
      },
      "64": {
        "start": { "line": 153, "column": 0 },
        "end": { "line": 156, "column": null }
      },
      "65": {
        "start": { "line": 158, "column": 0 },
        "end": { "line": 161, "column": null }
      },
      "66": {
        "start": { "line": 163, "column": 0 },
        "end": { "line": 166, "column": null }
      },
      "67": {
        "start": { "line": 168, "column": 0 },
        "end": { "line": 171, "column": null }
      },
      "68": {
        "start": { "line": 173, "column": 0 },
        "end": { "line": 176, "column": null }
      },
      "69": {
        "start": { "line": 178, "column": 0 },
        "end": { "line": 181, "column": null }
      },
      "70": {
        "start": { "line": 183, "column": 0 },
        "end": { "line": 186, "column": null }
      },
      "71": {
        "start": { "line": 188, "column": 0 },
        "end": { "line": 191, "column": null }
      },
      "72": {
        "start": { "line": 193, "column": 0 },
        "end": { "line": 196, "column": null }
      },
      "73": {
        "start": { "line": 198, "column": 0 },
        "end": { "line": 201, "column": null }
      },
      "74": {
        "start": { "line": 203, "column": 0 },
        "end": { "line": 206, "column": null }
      },
      "75": {
        "start": { "line": 208, "column": 0 },
        "end": { "line": 211, "column": null }
      },
      "76": {
        "start": { "line": 213, "column": 0 },
        "end": { "line": 216, "column": null }
      },
      "77": {
        "start": { "line": 218, "column": 0 },
        "end": { "line": 221, "column": null }
      },
      "78": {
        "start": { "line": 223, "column": 0 },
        "end": { "line": 226, "column": null }
      },
      "79": {
        "start": { "line": 228, "column": 0 },
        "end": { "line": 231, "column": null }
      },
      "80": {
        "start": { "line": 233, "column": 0 },
        "end": { "line": 236, "column": null }
      },
      "81": {
        "start": { "line": 238, "column": 0 },
        "end": { "line": 241, "column": null }
      },
      "82": {
        "start": { "line": 243, "column": 0 },
        "end": { "line": 309, "column": null }
      },
      "83": {
        "start": { "line": 244, "column": 18 },
        "end": { "line": 244, "column": 32 }
      },
      "84": {
        "start": { "line": 245, "column": 2 },
        "end": { "line": 252, "column": 3 }
      },
      "85": {
        "start": { "line": 246, "column": 39 },
        "end": { "line": 246, "column": 69 }
      },
      "86": {
        "start": { "line": 247, "column": 4 },
        "end": { "line": 251, "column": 5 }
      },
      "87": {
        "start": { "line": 248, "column": 21 },
        "end": { "line": 248, "column": 55 }
      },
      "88": {
        "start": { "line": 249, "column": 6 },
        "end": { "line": 249, "column": null }
      },
      "89": {
        "start": { "line": 250, "column": 6 },
        "end": { "line": 250, "column": 12 }
      },
      "90": {
        "start": { "line": 253, "column": 2 },
        "end": { "line": 308, "column": 3 }
      },
      "91": {
        "start": { "line": 254, "column": 49 },
        "end": { "line": 254, "column": 76 }
      },
      "92": {
        "start": { "line": 255, "column": 4 },
        "end": { "line": 292, "column": 5 }
      },
      "93": {
        "start": { "line": 256, "column": 6 },
        "end": { "line": 291, "column": 7 }
      },
      "94": {
        "start": { "line": 257, "column": 47 },
        "end": { "line": 257, "column": 77 }
      },
      "95": {
        "start": { "line": 258, "column": 8 },
        "end": { "line": 267, "column": 9 }
      },
      "96": {
        "start": { "line": 259, "column": 25 },
        "end": { "line": 259, "column": 55 }
      },
      "97": {
        "start": { "line": 262, "column": 10 },
        "end": { "line": 266, "column": 11 }
      },
      "98": {
        "start": { "line": 263, "column": 12 },
        "end": { "line": 263, "column": null }
      },
      "99": {
        "start": { "line": 265, "column": 12 },
        "end": { "line": 265, "column": null }
      },
      "100": {
        "start": { "line": 268, "column": 8 },
        "end": { "line": 268, "column": null }
      },
      "101": {
        "start": { "line": 269, "column": 8 },
        "end": { "line": 269, "column": 14 }
      },
      "102": {
        "start": { "line": 271, "column": 29 },
        "end": { "line": 271, "column": 64 }
      },
      "103": {
        "start": { "line": 272, "column": 8 },
        "end": { "line": 282, "column": null }
      },
      "104": {
        "start": { "line": 283, "column": 8 },
        "end": { "line": 290, "column": null }
      },
      "105": {
        "start": { "line": 294, "column": 28 },
        "end": { "line": 301, "column": null }
      },
      "106": {
        "start": { "line": 302, "column": 4 },
        "end": { "line": 306, "column": null }
      },
      "107": {
        "start": { "line": 307, "column": 4 },
        "end": { "line": 307, "column": 10 }
      },
      "108": {
        "start": { "line": 311, "column": 0 },
        "end": { "line": 311, "column": null }
      }
    },
    "fnMap": {
      "0": {
        "name": "(anonymous_7)",
        "decl": {
          "start": { "line": 243, "column": 17 },
          "end": { "line": 243, "column": 33 }
        },
        "loc": {
          "start": { "line": 243, "column": 66 },
          "end": { "line": 309, "column": 2 }
        }
      }
    },
    "branchMap": {
      "0": {
        "loc": {
          "start": { "line": 245, "column": 2 },
          "end": { "line": 252, "column": 3 }
        },
        "type": "if",
        "locations": [
          {
            "start": { "line": 245, "column": 2 },
            "end": { "line": 252, "column": 3 }
          }
        ]
      },
      "1": {
        "loc": {
          "start": { "line": 245, "column": 6 },
          "end": { "line": 245, "column": 21 }
        },
        "type": "cond-expr",
        "locations": [
          {
            "start": { "line": 245, "column": 13 },
            "end": { "line": 245, "column": 15 }
          },
          {
            "start": { "line": 245, "column": 6 },
            "end": { "line": 245, "column": 21 }
          }
        ]
      },
      "2": {
        "loc": {
          "start": { "line": 245, "column": 6 },
          "end": { "line": 245, "column": 15 }
        },
        "type": "binary-expr",
        "locations": [
          {
            "start": { "line": 245, "column": 6 },
            "end": { "line": 245, "column": 15 }
          },
          {
            "start": { "line": 245, "column": 6 },
            "end": { "line": 245, "column": 15 }
          }
        ]
      },
      "3": {
        "loc": {
          "start": { "line": 247, "column": 4 },
          "end": { "line": 251, "column": 5 }
        },
        "type": "if",
        "locations": [
          {
            "start": { "line": 247, "column": 4 },
            "end": { "line": 251, "column": 5 }
          }
        ]
      },
      "4": {
        "loc": {
          "start": { "line": 253, "column": 2 },
          "end": { "line": 308, "column": 3 }
        },
        "type": "if",
        "locations": [
          {
            "start": { "line": 253, "column": 2 },
            "end": { "line": 308, "column": 3 }
          },
          {
            "start": { "line": 293, "column": 9 },
            "end": { "line": 308, "column": 3 }
          }
        ]
      },
      "5": {
        "loc": {
          "start": { "line": 253, "column": 6 },
          "end": { "line": 253, "column": 71 }
        },
        "type": "binary-expr",
        "locations": [
          {
            "start": { "line": 253, "column": 6 },
            "end": { "line": 253, "column": 21 }
          },
          {
            "start": { "line": 253, "column": 25 },
            "end": { "line": 253, "column": 40 }
          },
          {
            "start": { "line": 253, "column": 44 },
            "end": { "line": 253, "column": 71 }
          }
        ]
      },
      "6": {
        "loc": {
          "start": { "line": 253, "column": 6 },
          "end": { "line": 253, "column": 21 }
        },
        "type": "cond-expr",
        "locations": [
          {
            "start": { "line": 253, "column": 13 },
            "end": { "line": 253, "column": 15 }
          },
          {
            "start": { "line": 253, "column": 6 },
            "end": { "line": 253, "column": 21 }
          }
        ]
      },
      "7": {
        "loc": {
          "start": { "line": 253, "column": 6 },
          "end": { "line": 253, "column": 15 }
        },
        "type": "binary-expr",
        "locations": [
          {
            "start": { "line": 253, "column": 6 },
            "end": { "line": 253, "column": 15 }
          },
          {
            "start": { "line": 253, "column": 6 },
            "end": { "line": 253, "column": 15 }
          }
        ]
      },
      "8": {
        "loc": {
          "start": { "line": 253, "column": 25 },
          "end": { "line": 253, "column": 40 }
        },
        "type": "cond-expr",
        "locations": [
          {
            "start": { "line": 253, "column": 32 },
            "end": { "line": 253, "column": 34 }
          },
          {
            "start": { "line": 253, "column": 25 },
            "end": { "line": 253, "column": 40 }
          }
        ]
      },
      "9": {
        "loc": {
          "start": { "line": 253, "column": 25 },
          "end": { "line": 253, "column": 34 }
        },
        "type": "binary-expr",
        "locations": [
          {
            "start": { "line": 253, "column": 25 },
            "end": { "line": 253, "column": 34 }
          },
          {
            "start": { "line": 253, "column": 25 },
            "end": { "line": 253, "column": 34 }
          }
        ]
      },
      "10": {
        "loc": {
          "start": { "line": 255, "column": 4 },
          "end": { "line": 292, "column": 5 }
        },
        "type": "if",
        "locations": [
          {
            "start": { "line": 255, "column": 4 },
            "end": { "line": 292, "column": 5 }
          }
        ]
      },
      "11": {
        "loc": {
          "start": { "line": 258, "column": 8 },
          "end": { "line": 267, "column": 9 }
        },
        "type": "if",
        "locations": [
          {
            "start": { "line": 258, "column": 8 },
            "end": { "line": 267, "column": 9 }
          }
        ]
      },
      "12": {
        "loc": {
          "start": { "line": 262, "column": 10 },
          "end": { "line": 266, "column": 11 }
        },
        "type": "if",
        "locations": [
          {
            "start": { "line": 262, "column": 10 },
            "end": { "line": 266, "column": 11 }
          },
          {
            "start": { "line": 264, "column": 17 },
            "end": { "line": 266, "column": 11 }
          }
        ]
      },
      "13": {
        "loc": {
          "start": { "line": 277, "column": 14 },
          "end": { "line": 279, "column": 20 }
        },
        "type": "cond-expr",
        "locations": [
          {
            "start": { "line": 278, "column": 19 },
            "end": { "line": 278, "column": 39 }
          },
          {
            "start": { "line": 279, "column": 18 },
            "end": { "line": 279, "column": 20 }
          }
        ]
      }
    },
    "s": {
      "0": 1,
      "1": 1,
      "2": 1,
      "3": 1,
      "4": 1,
      "5": 1,
      "6": 1,
      "7": 1,
      "8": 1,
      "9": 1,
      "10": 1,
      "11": 1,
      "12": 1,
      "13": 1,
      "14": 1,
      "15": 1,
      "16": 1,
      "17": 1,
      "18": 1,
      "19": 1,
      "20": 1,
      "21": 1,
      "22": 1,
      "23": 1,
      "24": 1,
      "25": 1,
      "26": 1,
      "27": 1,
      "28": 1,
      "29": 1,
      "30": 1,
      "31": 1,
      "32": 1,
      "33": 1,
      "34": 1,
      "35": 1,
      "36": 1,
      "37": 1,
      "38": 1,
      "39": 1,
      "40": 1,
      "41": 1,
      "42": 1,
      "43": 1,
      "44": 1,
      "45": 1,
      "46": 1,
      "47": 1,
      "48": 1,
      "49": 1,
      "50": 1,
      "51": 1,
      "52": 1,
      "53": 1,
      "54": 1,
      "55": 1,
      "56": 1,
      "57": 1,
      "58": 1,
      "59": 1,
      "60": 1,
      "61": 1,
      "62": 1,
      "63": 1,
      "64": 1,
      "65": 1,
      "66": 1,
      "67": 1,
      "68": 1,
      "69": 1,
      "70": 1,
      "71": 1,
      "72": 1,
      "73": 1,
      "74": 1,
      "75": 1,
      "76": 1,
      "77": 1,
      "78": 1,
      "79": 1,
      "80": 1,
      "81": 1,
      "82": 1,
      "83": 0,
      "84": 0,
      "85": 0,
      "86": 0,
      "87": 0,
      "88": 0,
      "89": 0,
      "90": 0,
      "91": 0,
      "92": 0,
      "93": 0,
      "94": 0,
      "95": 0,
      "96": 0,
      "97": 0,
      "98": 0,
      "99": 0,
      "100": 0,
      "101": 0,
      "102": 0,
      "103": 0,
      "104": 0,
      "105": 0,
      "106": 0,
      "107": 0,
      "108": 1
    },
    "f": { "0": 0 },
    "b": {
      "0": [0],
      "1": [0, 0],
      "2": [0, 0],
      "3": [0],
      "4": [0, 0],
      "5": [0, 0, 0],
      "6": [0, 0],
      "7": [0, 0],
      "8": [0, 0],
      "9": [0, 0],
      "10": [0],
      "11": [0],
      "12": [0, 0],
      "13": [0, 0]
    }
  },
  "/home/ubuntu/repos/rosettanet/src/rpc/calls/accounts.ts": {
    "path": "/home/ubuntu/repos/rosettanet/src/rpc/calls/accounts.ts",
    "statementMap": {
      "0": {
        "start": { "line": 3, "column": 0 },
        "end": { "line": 3, "column": 22 }
      },
      "1": {
        "start": { "line": 6, "column": 2 },
        "end": { "line": 15, "column": 3 }
      },
      "2": {
        "start": { "line": 7, "column": 4 },
        "end": { "line": 14, "column": null }
      },
      "3": {
        "start": { "line": 17, "column": 2 },
        "end": { "line": 21, "column": null }
      }
    },
    "fnMap": {
      "0": {
        "name": "accountsHandler",
        "decl": {
          "start": { "line": 3, "column": 22 },
          "end": { "line": 3, "column": 37 }
        },
        "loc": {
          "start": { "line": 4, "column": 21 },
          "end": { "line": 22, "column": null }
        }
      }
    },
    "branchMap": {
      "0": {
        "loc": {
          "start": { "line": 6, "column": 2 },
          "end": { "line": 15, "column": 3 }
        },
        "type": "if",
        "locations": [
          {
            "start": { "line": 6, "column": 2 },
            "end": { "line": 15, "column": 3 }
          }
        ]
      }
    },
    "s": { "0": 2, "1": 1, "2": 0, "3": 1 },
    "f": { "0": 1 },
    "b": { "0": [0] }
  },
  "/home/ubuntu/repos/rosettanet/src/rpc/calls/blobBaseFee.ts": {
    "path": "/home/ubuntu/repos/rosettanet/src/rpc/calls/blobBaseFee.ts",
    "statementMap": {
      "0": {
        "start": { "line": 3, "column": 0 },
        "end": { "line": 3, "column": 22 }
      },
      "1": {
        "start": { "line": 6, "column": 2 },
        "end": { "line": 15, "column": 3 }
      },
      "2": {
        "start": { "line": 7, "column": 4 },
        "end": { "line": 14, "column": null }
      },
      "3": {
        "start": { "line": 17, "column": 2 },
        "end": { "line": 21, "column": null }
      }
    },
    "fnMap": {
      "0": {
        "name": "blobBaseFeeHandler",
        "decl": {
          "start": { "line": 3, "column": 22 },
          "end": { "line": 3, "column": 40 }
        },
        "loc": {
          "start": { "line": 4, "column": 21 },
          "end": { "line": 22, "column": null }
        }
      }
    },
    "branchMap": {
      "0": {
        "loc": {
          "start": { "line": 6, "column": 2 },
          "end": { "line": 15, "column": 3 }
        },
        "type": "if",
        "locations": [
          {
            "start": { "line": 6, "column": 2 },
            "end": { "line": 15, "column": 3 }
          }
        ]
      }
    },
    "s": { "0": 2, "1": 2, "2": 1, "3": 1 },
    "f": { "0": 2 },
    "b": { "0": [1] }
  },
  "/home/ubuntu/repos/rosettanet/src/rpc/calls/blockNumber.ts": {
    "path": "/home/ubuntu/repos/rosettanet/src/rpc/calls/blockNumber.ts",
    "statementMap": {
      "0": {
        "start": { "line": 4, "column": 0 },
        "end": { "line": 4, "column": 22 }
      },
      "1": {
        "start": { "line": 1, "column": 0 },
        "end": { "line": 1, "column": 62 }
      },
      "2": {
        "start": { "line": 7, "column": 28 },
        "end": { "line": 7, "column": 50 }
      },
      "3": {
        "start": { "line": 9, "column": 2 },
        "end": { "line": 13, "column": null }
      }
    },
    "fnMap": {
      "0": {
        "name": "blockNumberHandler",
        "decl": {
          "start": { "line": 4, "column": 22 },
          "end": { "line": 4, "column": 40 }
        },
        "loc": {
          "start": { "line": 5, "column": 21 },
          "end": { "line": 14, "column": null }
        }
      }
    },
    "branchMap": {},
    "s": { "0": 2, "1": 2, "2": 1, "3": 1 },
    "f": { "0": 1 },
    "b": {}
  },
  "/home/ubuntu/repos/rosettanet/src/rpc/calls/chainId.ts": {
    "path": "/home/ubuntu/repos/rosettanet/src/rpc/calls/chainId.ts",
    "statementMap": {
      "0": {
        "start": { "line": 4, "column": 0 },
        "end": { "line": 4, "column": 22 }
      },
      "1": {
        "start": { "line": 2, "column": 0 },
        "end": { "line": 2, "column": 67 }
      },
      "2": {
        "start": { "line": 7, "column": 2 },
        "end": { "line": 16, "column": 3 }
      },
      "3": {
        "start": { "line": 8, "column": 4 },
        "end": { "line": 15, "column": null }
      },
      "4": {
        "start": { "line": 18, "column": 18 },
        "end": { "line": 18, "column": 53 }
      },
      "5": {
        "start": { "line": 19, "column": 2 },
        "end": { "line": 23, "column": null }
      }
    },
    "fnMap": {
      "0": {
        "name": "chainIdHandler",
        "decl": {
          "start": { "line": 4, "column": 22 },
          "end": { "line": 4, "column": 36 }
        },
        "loc": {
          "start": { "line": 5, "column": 21 },
          "end": { "line": 24, "column": null }
        }
      }
    },
    "branchMap": {
      "0": {
        "loc": {
          "start": { "line": 7, "column": 2 },
          "end": { "line": 16, "column": 3 }
        },
        "type": "if",
        "locations": [
          {
            "start": { "line": 7, "column": 2 },
            "end": { "line": 16, "column": 3 }
          }
        ]
      }
    },
    "s": { "0": 2, "1": 2, "2": 1, "3": 0, "4": 1, "5": 0 },
    "f": { "0": 1 },
    "b": { "0": [0] }
  },
  "/home/ubuntu/repos/rosettanet/src/rpc/calls/createAccessList.ts": {
    "path": "/home/ubuntu/repos/rosettanet/src/rpc/calls/createAccessList.ts",
    "statementMap": {
      "0": {
        "start": { "line": 3, "column": 0 },
        "end": { "line": 3, "column": 22 }
      },
      "1": {
        "start": { "line": 6, "column": 2 },
        "end": { "line": 12, "column": null }
      }
    },
    "fnMap": {
      "0": {
        "name": "createAccessListHandler",
        "decl": {
          "start": { "line": 3, "column": 22 },
          "end": { "line": 3, "column": 45 }
        },
        "loc": {
          "start": { "line": 4, "column": 21 },
          "end": { "line": 13, "column": null }
        }
      }
    },
    "branchMap": {},
    "s": { "0": 1, "1": 0 },
    "f": { "0": 0 },
    "b": {}
  },
  "/home/ubuntu/repos/rosettanet/src/rpc/calls/estimateGas.ts": {
    "path": "/home/ubuntu/repos/rosettanet/src/rpc/calls/estimateGas.ts",
    "statementMap": {
      "0": {
        "start": { "line": 4, "column": 0 },
        "end": { "line": 4, "column": 22 }
      },
      "1": {
        "start": { "line": 7, "column": 2 },
        "end": { "line": 19, "column": 3 }
      },
      "2": {
        "start": { "line": 8, "column": 4 },
        "end": { "line": 12, "column": null }
      },
      "3": {
        "start": { "line": 14, "column": 4 },
        "end": { "line": 18, "column": null }
      }
    },
    "fnMap": {
      "0": {
        "name": "estimateGasHandler",
        "decl": {
          "start": { "line": 4, "column": 22 },
          "end": { "line": 4, "column": 40 }
        },
        "loc": {
          "start": { "line": 5, "column": 21 },
          "end": { "line": 20, "column": null }
        }
      }
    },
    "branchMap": {},
    "s": { "0": 2, "1": 2, "2": 2, "3": 0 },
    "f": { "0": 2 },
    "b": {}
  },
  "/home/ubuntu/repos/rosettanet/src/rpc/calls/ethCall.ts": {
    "path": "/home/ubuntu/repos/rosettanet/src/rpc/calls/ethCall.ts",
    "statementMap": {
      "0": {
        "start": { "line": 54, "column": 0 },
        "end": { "line": 54, "column": 16 }
      },
      "1": {
        "start": { "line": 65, "column": 0 },
        "end": { "line": 65, "column": 22 }
      },
      "2": {
        "start": { "line": 2, "column": 0 },
        "end": { "line": 2, "column": null }
      },
      "3": {
        "start": { "line": 21, "column": 0 },
        "end": { "line": 21, "column": 53 }
      },
      "4": {
        "start": { "line": 22, "column": 0 },
        "end": { "line": 22, "column": null }
      },
      "5": {
        "start": { "line": 27, "column": 0 },
        "end": { "line": 27, "column": null }
      },
      "6": {
        "start": { "line": 31, "column": 0 },
        "end": { "line": 31, "column": null }
      },
      "7": {
        "start": { "line": 35, "column": 0 },
        "end": { "line": 35, "column": 48 }
      },
      "8": {
        "start": { "line": 36, "column": 0 },
        "end": { "line": 36, "column": null }
      },
      "9": {
        "start": { "line": 42, "column": 0 },
        "end": { "line": 42, "column": 60 }
      },
      "10": {
        "start": { "line": 43, "column": 0 },
        "end": { "line": 43, "column": 64 }
      },
      "11": {
        "start": { "line": 58, "column": 2 },
        "end": { "line": 61, "column": 3 }
      },
      "12": {
        "start": { "line": 59, "column": 16 },
        "end": { "line": 59, "column": 42 }
      },
      "13": {
        "start": { "line": 60, "column": 4 },
        "end": { "line": 60, "column": null }
      },
      "14": {
        "start": { "line": 62, "column": 2 },
        "end": { "line": 62, "column": null }
      },
      "15": {
        "start": { "line": 68, "column": 2 },
        "end": { "line": 77, "column": 3 }
      },
      "16": {
        "start": { "line": 69, "column": 4 },
        "end": { "line": 76, "column": null }
      },
      "17": {
        "start": { "line": 79, "column": 21 },
        "end": { "line": 79, "column": 38 }
      },
      "18": {
        "start": { "line": 80, "column": 2 },
        "end": { "line": 89, "column": 3 }
      },
      "19": {
        "start": { "line": 81, "column": 4 },
        "end": { "line": 88, "column": null }
      },
      "20": {
        "start": { "line": 91, "column": 2 },
[...]
        "start": { "line": 675, "column": 2 },
        "end": { "line": 675, "column": null }
      },
      "65": {
        "start": { "line": 679, "column": 2 },
        "end": { "line": 681, "column": 3 }
      },
      "66": {
        "start": { "line": 680, "column": 4 },
        "end": { "line": 680, "column": null }
      },
      "67": {
        "start": { "line": 682, "column": 2 },
        "end": { "line": 682, "column": null }
      }
    },
    "fnMap": {
      "0": {
        "name": "initializeStarknetConvertableTypes",
        "decl": {
          "start": { "line": 487, "column": 9 },
          "end": { "line": 487, "column": 43 }
        },
        "loc": {
          "start": { "line": 487, "column": 43 },
          "end": { "line": 499, "column": 1 }
        }
      },
      "1": {
        "name": "updateMapWithMultipleValues",
        "decl": {
          "start": { "line": 501, "column": 9 },
          "end": { "line": 501, "column": 36 }
        },
        "loc": {
          "start": { "line": 503, "column": 48 },
          "end": { "line": 515, "column": 1 }
        }
      },
      "2": {
        "name": "initializeStarknetAbi",
        "decl": {
          "start": { "line": 519, "column": 16 },
          "end": { "line": 519, "column": 37 }
        },
        "loc": {
          "start": { "line": 520, "column": 15 },
          "end": { "line": 551, "column": 1 }
        }
      },
      "3": {
        "name": "(anonymous_10)",
        "decl": {
          "start": { "line": 529, "column": 40 },
          "end": { "line": 529, "column": 41 }
        },
        "loc": {
          "start": { "line": 529, "column": 45 },
          "end": { "line": 529, "column": 64 }
        }
      },
      "4": {
        "name": "formatContractAddress",
        "decl": {
          "start": { "line": 553, "column": 22 },
          "end": { "line": 553, "column": 43 }
        },
        "loc": {
          "start": { "line": 553, "column": 43 },
          "end": { "line": 555, "column": null }
        }
      },
      "5": {
        "name": "updateMap",
        "decl": {
          "start": { "line": 558, "column": 9 },
          "end": { "line": 558, "column": 18 }
        },
        "loc": {
          "start": { "line": 563, "column": 4 },
          "end": { "line": 593, "column": 1 }
        }
      },
      "6": {
        "name": "getStructConvertableTypes",
        "decl": {
          "start": { "line": 595, "column": 9 },
          "end": { "line": 595, "column": 34 }
        },
        "loc": {
          "start": { "line": 598, "column": 48 },
          "end": { "line": 676, "column": 1 }
        }
      },
      "7": {
        "name": "(anonymous_15)",
        "decl": {
          "start": { "line": 611, "column": 4 },
          "end": { "line": 611, "column": 5 }
        },
        "loc": {
          "start": { "line": 611, "column": 8 },
          "end": { "line": 611, "column": null }
        }
      },
      "8": {
        "name": "isSolidityArray",
        "decl": {
          "start": { "line": 678, "column": 16 },
          "end": { "line": 678, "column": 31 }
        },
        "loc": {
          "start": { "line": 678, "column": 44 },
          "end": { "line": 683, "column": 1 }
        }
      }
    },
    "branchMap": {
      "0": {
        "loc": {
          "start": { "line": 493, "column": 4 },
          "end": { "line": 495, "column": 5 }
        },
        "type": "if",
        "locations": [
          {
            "start": { "line": 493, "column": 4 },
            "end": { "line": 495, "column": 5 }
          }
        ]
      },
      "1": {
        "loc": {
          "start": { "line": 493, "column": 8 },
          "end": { "line": 493, "column": 64 }
        },
        "type": "binary-expr",
        "locations": [
          {
            "start": { "line": 493, "column": 8 },
            "end": { "line": 493, "column": 34 }
          },
          {
            "start": { "line": 493, "column": 38 },
            "end": { "line": 493, "column": 64 }
          }
        ]
      },
      "2": {
        "loc": {
          "start": { "line": 506, "column": 4 },
          "end": { "line": 511, "column": 5 }
        },
        "type": "if",
        "locations": [
          {
            "start": { "line": 506, "column": 4 },
            "end": { "line": 511, "column": 5 }
          }
        ]
      },
      "3": {
        "loc": {
          "start": { "line": 506, "column": 8 },
          "end": { "line": 506, "column": 64 }
        },
        "type": "binary-expr",
        "locations": [
          {
            "start": { "line": 506, "column": 8 },
            "end": { "line": 506, "column": 34 }
          },
          {
            "start": { "line": 506, "column": 38 },
            "end": { "line": 506, "column": 64 }
          }
        ]
      },
      "4": {
        "loc": {
          "start": { "line": 507, "column": 6 },
          "end": { "line": 509, "column": 7 }
        },
        "type": "if",
        "locations": [
          {
            "start": { "line": 507, "column": 6 },
            "end": { "line": 509, "column": 7 }
          }
        ]
      },
      "5": {
        "loc": {
          "start": { "line": 524, "column": 2 },
          "end": { "line": 526, "column": 3 }
        },
        "type": "if",
        "locations": [
          {
            "start": { "line": 524, "column": 2 },
            "end": { "line": 526, "column": 3 }
          }
        ]
      },
      "6": {
        "loc": {
          "start": { "line": 541, "column": 4 },
          "end": { "line": 543, "column": 5 }
        },
        "type": "if",
        "locations": [
          {
            "start": { "line": 541, "column": 4 },
            "end": { "line": 543, "column": 5 }
          }
        ]
      },
      "7": {
        "loc": {
          "start": { "line": 585, "column": 6 },
          "end": { "line": 588, "column": 7 }
        },
        "type": "if",
        "locations": [
          {
            "start": { "line": 585, "column": 6 },
            "end": { "line": 588, "column": 7 }
          }
        ]
      },
      "8": {
        "loc": {
          "start": { "line": 605, "column": 4 },
          "end": { "line": 607, "column": 5 }
        },
        "type": "if",
        "locations": [
          {
            "start": { "line": 605, "column": 4 },
            "end": { "line": 607, "column": 5 }
          }
        ]
      },
      "9": {
        "loc": {
          "start": { "line": 611, "column": 9 },
          "end": { "line": 611, "column": 55 }
        },
        "type": "cond-expr",
        "locations": [
          {
            "start": { "line": 611, "column": 41 },
            "end": { "line": 611, "column": 43 }
          },
          {
            "start": { "line": 611, "column": 41 },
            "end": { "line": 611, "column": 55 }
          }
        ]
      },
      "10": {
        "loc": {
          "start": { "line": 611, "column": 9 },
          "end": { "line": 611, "column": 43 }
        },
        "type": "binary-expr",
        "locations": [
          {
            "start": { "line": 611, "column": 9 },
            "end": { "line": 611, "column": 43 }
          },
          {
            "start": { "line": 611, "column": 41 },
            "end": { "line": 611, "column": 43 }
          }
        ]
      },
      "11": {
        "loc": {
          "start": { "line": 613, "column": 2 },
          "end": { "line": 615, "column": 3 }
        },
        "type": "if",
        "locations": [
          {
            "start": { "line": 613, "column": 2 },
            "end": { "line": 615, "column": 3 }
          }
        ]
      },
      "12": {
        "loc": {
          "start": { "line": 624, "column": 4 },
          "end": { "line": 626, "column": 5 }
        },
        "type": "if",
        "locations": [
          {
            "start": { "line": 624, "column": 4 },
            "end": { "line": 626, "column": 5 }
          }
        ]
      },
      "13": {
        "loc": {
          "start": { "line": 627, "column": 17 },
          "end": { "line": 627, "column": 26 }
        },
        "type": "cond-expr",
        "locations": [
          {
            "start": { "line": 627, "column": 20 },
            "end": { "line": 627, "column": 22 }
          },
          {
            "start": { "line": 627, "column": 17 },
            "end": { "line": 627, "column": 26 }
          }
        ]
      },
      "14": {
        "loc": {
          "start": { "line": 627, "column": 17 },
          "end": { "line": 627, "column": 22 }
        },
        "type": "binary-expr",
        "locations": [
          {
            "start": { "line": 627, "column": 17 },
            "end": { "line": 627, "column": 22 }
          },
          {
            "start": { "line": 627, "column": 17 },
            "end": { "line": 627, "column": 22 }
          }
        ]
      },
      "15": {
        "loc": {
          "start": { "line": 628, "column": 20 },
          "end": { "line": 628, "column": 29 }
        },
        "type": "cond-expr",
        "locations": [
          {
            "start": { "line": 628, "column": 23 },
            "end": { "line": 628, "column": 25 }
          },
          {
            "start": { "line": 628, "column": 20 },
            "end": { "line": 628, "column": 29 }
          }
        ]
      },
      "16": {
        "loc": {
          "start": { "line": 628, "column": 20 },
          "end": { "line": 628, "column": 25 }
        },
        "type": "binary-expr",
        "locations": [
          {
            "start": { "line": 628, "column": 20 },
            "end": { "line": 628, "column": 25 }
          },
          {
            "start": { "line": 628, "column": 20 },
            "end": { "line": 628, "column": 25 }
          }
        ]
      },
      "17": {
        "loc": {
          "start": { "line": 679, "column": 2 },
          "end": { "line": 681, "column": 3 }
        },
        "type": "if",
        "locations": [
          {
            "start": { "line": 679, "column": 2 },
            "end": { "line": 681, "column": 3 }
          }
        ]
      },
      "18": {
        "loc": {
          "start": { "line": 679, "column": 6 },
          "end": { "line": 679, "column": 54 }
        },
        "type": "binary-expr",
        "locations": [
          {
            "start": { "line": 679, "column": 6 },
            "end": { "line": 679, "column": 28 }
          },
          {
            "start": { "line": 679, "column": 32 },
            "end": { "line": 679, "column": 54 }
          }
        ]
      }
    },
    "s": {
      "0": 3,
      "1": 3,
      "2": 3,
      "3": 3,
      "4": 2,
      "5": 2,
      "6": 146,
      "7": 146,
      "8": 2,
      "9": 11,
      "10": 44,
      "11": 44,
      "12": 11,
      "13": 33,
      "14": 11,
      "15": 2,
      "16": 2,
      "17": 1,
      "18": 1,
      "19": 18,
      "20": 1,
      "21": 1,
      "22": 1,
      "23": 1,
      "24": 1,
      "25": 1,
      "26": 1,
      "27": 0,
      "28": 0,
      "29": 0,
      "30": 1,
      "31": 0,
      "32": 1,
      "33": 1,
      "34": 1,
      "35": 11,
      "36": 11,
      "37": 11,
      "38": 0,
      "39": 0,
      "40": 0,
      "41": 1,
      "42": 11,
      "43": 50,
      "44": 50,
      "45": 0,
      "46": 11,
      "47": 50,
      "48": 11,
      "49": 0,
      "50": 11,
      "51": 11,
      "52": 11,
      "53": 11,
      "54": 50,
      "55": 50,
      "56": 50,
      "57": 0,
      "58": 50,
      "59": 50,
      "60": 11,
      "61": 11,
      "62": 11,
      "63": 11,
      "64": 11,
      "65": 0,
      "66": 0,
      "67": 0
    },
    "f": {
      "0": 2,
      "1": 11,
      "2": 2,
      "3": 18,
      "4": 0,
      "5": 1,
      "6": 11,
      "7": 50,
      "8": 0
    },
    "b": {
      "0": [146],
      "1": [146, 146],
      "2": [44],
      "3": [44, 44],
      "4": [11],
      "5": [1],
      "6": [1],
      "7": [0],
      "8": [0],
      "9": [0, 50],
      "10": [50, 50],
      "11": [0],
      "12": [0],
      "13": [0, 50],
      "14": [50, 50],
      "15": [0, 50],
      "16": [50, 50],
      "17": [0],
      "18": [0, 0]
    }
  },
  "/home/ubuntu/repos/rosettanet/src/utils/converters/integer.ts": {
    "path": "/home/ubuntu/repos/rosettanet/src/utils/converters/integer.ts",
    "statementMap": {
      "0": {
        "start": { "line": 9, "column": 0 },
        "end": { "line": 9, "column": 16 }
      },
      "1": {
        "start": { "line": 20, "column": 0 },
        "end": { "line": 20, "column": 16 }
      },
      "2": {
        "start": { "line": 26, "column": 0 },
        "end": { "line": 26, "column": 16 }
      },
      "3": {
        "start": { "line": 40, "column": 0 },
        "end": { "line": 40, "column": 16 }
      },
      "4": {
        "start": { "line": 49, "column": 0 },
        "end": { "line": 49, "column": 16 }
      },
      "5": {
        "start": { "line": 1, "column": 0 },
        "end": { "line": 1, "column": 36 }
      },
      "6": {
        "start": { "line": 2, "column": 0 },
        "end": { "line": 2, "column": 42 }
      },
      "7": {
        "start": { "line": 3, "column": 0 },
        "end": { "line": 3, "column": 46 }
      },
      "8": {
        "start": { "line": 10, "column": 2 },
        "end": { "line": 12, "column": 3 }
      },
      "9": {
        "start": { "line": 11, "column": 4 },
        "end": { "line": 11, "column": null }
      },
      "10": {
        "start": { "line": 14, "column": 23 },
        "end": { "line": 14, "column": 77 }
      },
      "11": {
        "start": { "line": 15, "column": 22 },
        "end": { "line": 15, "column": 77 }
      },
      "12": {
        "start": { "line": 16, "column": 2 },
        "end": { "line": 16, "column": null }
      },
      "13": {
        "start": { "line": 21, "column": 14 },
        "end": { "line": 21, "column": 34 }
      },
      "14": {
        "start": { "line": 23, "column": 2 },
        "end": { "line": 23, "column": null }
      },
      "15": {
        "start": { "line": 27, "column": 2 },
        "end": { "line": 29, "column": 3 }
      },
      "16": {
        "start": { "line": 28, "column": 4 },
        "end": { "line": 28, "column": null }
      },
      "17": {
        "start": { "line": 31, "column": 2 },
        "end": { "line": 33, "column": 3 }
      },
      "18": {
        "start": { "line": 32, "column": 4 },
        "end": { "line": 32, "column": null }
      },
      "19": {
        "start": { "line": 34, "column": 17 },
        "end": { "line": 36, "column": 17 }
      },
      "20": {
        "start": { "line": 37, "column": 2 },
        "end": { "line": 37, "column": null }
      },
      "21": {
        "start": { "line": 41, "column": 14 },
        "end": { "line": 41, "column": 30 }
      },
      "22": {
        "start": { "line": 42, "column": 15 },
        "end": { "line": 42, "column": 31 }
      },
      "23": {
        "start": { "line": 44, "column": 17 },
        "end": { "line": 44, "column": 43 }
      },
      "24": {
        "start": { "line": 46, "column": 2 },
        "end": { "line": 46, "column": null }
      },
      "25": {
        "start": { "line": 50, "column": 2 },
        "end": { "line": 52, "column": null }
      },
      "26": {
        "start": { "line": 51, "column": 11 },
        "end": { "line": 51, "column": 21 }
      }
    },
    "fnMap": {
      "0": {
        "name": "Uint256ToU256",
        "decl": {
          "start": { "line": 9, "column": 16 },
          "end": { "line": 9, "column": 29 }
        },
        "loc": {
          "start": { "line": 9, "column": 43 },
          "end": { "line": 17, "column": 1 }
        }
      },
      "1": {
        "name": "safeUint256ToU256",
        "decl": {
          "start": { "line": 20, "column": 16 },
          "end": { "line": 20, "column": 33 }
        },
        "loc": {
          "start": { "line": 20, "column": 47 },
          "end": { "line": 24, "column": 1 }
        }
      },
      "2": {
        "name": "safeU256ToUint256",
        "decl": {
          "start": { "line": 26, "column": 16 },
          "end": { "line": 26, "column": 33 }
        },
        "loc": {
          "start": { "line": 26, "column": 54 },
          "end": { "line": 38, "column": 1 }
        }
      },
      "3": {
        "name": "U256toUint256",
        "decl": {
          "start": { "line": 40, "column": 16 },
          "end": { "line": 40, "column": 29 }
        },
        "loc": {
          "start": { "line": 40, "column": 50 },
          "end": { "line": 47, "column": 1 }
        }
      },
      "4": {
        "name": "BnToU256",
        "decl": {
          "start": { "line": 49, "column": 16 },
          "end": { "line": 49, "column": 24 }
        },
        "loc": {
          "start": { "line": 49, "column": 38 },
          "end": { "line": 53, "column": 1 }
        }
      },
      "5": {
        "name": "(anonymous_6)",
        "decl": {
          "start": { "line": 51, "column": 4 },
          "end": { "line": 51, "column": 7 }
        },
        "loc": {
          "start": { "line": 51, "column": 11 },
          "end": { "line": 51, "column": 21 }
        }
      }
    },
    "branchMap": {
      "0": {
        "loc": {
          "start": { "line": 10, "column": 2 },
          "end": { "line": 12, "column": 3 }
        },
        "type": "if",
        "locations": [
          {
            "start": { "line": 10, "column": 2 },
            "end": { "line": 12, "column": 3 }
          }
        ]
      },
      "1": {
        "loc": {
          "start": { "line": 27, "column": 2 },
          "end": { "line": 29, "column": 3 }
        },
        "type": "if",
        "locations": [
          {
            "start": { "line": 27, "column": 2 },
            "end": { "line": 29, "column": 3 }
          }
        ]
      },
      "2": {
        "loc": {
          "start": { "line": 31, "column": 2 },
          "end": { "line": 33, "column": 3 }
        },
        "type": "if",
        "locations": [
          {
            "start": { "line": 31, "column": 2 },
            "end": { "line": 33, "column": 3 }
          }
        ]
      }
    },
    "s": {
      "0": 25,
      "1": 25,
      "2": 25,
      "3": 25,
      "4": 25,
      "5": 25,
      "6": 25,
      "7": 25,
      "8": 12,
      "9": 1,
      "10": 11,
      "11": 11,
      "12": 11,
      "13": 0,
      "14": 0,
      "15": 12,
      "16": 0,
      "17": 12,
      "18": 0,
      "19": 12,
      "20": 12,
      "21": 5,
      "22": 5,
      "23": 5,
      "24": 5,
      "25": 1,
      "26": 2
    },
    "f": { "0": 12, "1": 0, "2": 12, "3": 5, "4": 1, "5": 2 },
    "b": { "0": [1], "1": [0], "2": [0] }
  },
  "/home/ubuntu/repos/rosettanet/tests/testingUtilities.ts": {
    "path": "/home/ubuntu/repos/rosettanet/tests/testingUtilities.ts",
    "statementMap": {
      "0": {
        "start": { "line": 7, "column": 0 },
        "end": { "line": 7, "column": 16 }
      },
      "1": {
        "start": { "line": 1, "column": 0 },
        "end": { "line": 1, "column": 31 }
      },
      "2": {
        "start": { "line": 4, "column": 2 },
        "end": { "line": 4, "column": 70 }
      },
      "3": {
        "start": { "line": 8, "column": 17 },
        "end": { "line": 8, "column": 45 }
      },
      "4": {
        "start": { "line": 10, "column": 2 },
        "end": { "line": 10, "column": null }
      }
    },
    "fnMap": {
      "0": {
        "name": "getTestAccount",
        "decl": {
          "start": { "line": 7, "column": 16 },
          "end": { "line": 7, "column": 30 }
        },
        "loc": {
          "start": { "line": 7, "column": 30 },
          "end": { "line": 11, "column": 1 }
        }
      }
    },
    "branchMap": {},
    "s": { "0": 1, "1": 1, "2": 1, "3": 1, "4": 1 },
    "f": { "0": 1 },
    "b": {}
  }
}
