TN:
SF:e2e/utils.ts
FN:35,forkDevnet
FN:43,startDevnet
FN:54,startNode
FN:63,loadContractJson
FN:75,getContractAbi
FN:89,updateNodeConfig
FN:103,readNodeConfig
FN:116,getDevAccount
FN:123,getProvider
FNF:9
FNH:3
FNDA:0,forkDevnet
FNDA:0,startDevnet
FNDA:0,startNode
FNDA:0,loadContractJson
FNDA:1,getContractAbi
FNDA:0,updateNodeConfig
FNDA:0,readNodeConfig
FNDA:1,getDevAccount
FNDA:1,getProvider
DA:2,1
DA:3,1
DA:5,1
DA:6,1
DA:7,1
DA:9,1
DA:29,1
DA:30,1
DA:31,1
DA:33,1
DA:36,0
DA:40,0
DA:43,1
DA:44,0
DA:45,0
DA:47,0
DA:49,0
DA:50,0
DA:54,1
DA:55,0
DA:56,0
DA:58,0
DA:59,0
DA:63,1
DA:64,0
DA:65,0
DA:66,0
DA:68,0
DA:70,0
DA:71,0
DA:75,1
DA:76,1
DA:77,1
DA:78,1
DA:79,0
DA:81,0
DA:83,1
DA:84,1
DA:89,1
DA:90,0
DA:91,0
DA:93,0
DA:94,0
DA:95,0
DA:97,0
DA:98,0
DA:103,1
DA:104,0
DA:105,0
DA:107,0
DA:109,0
DA:111,0
DA:112,0
DA:116,1
DA:117,1
DA:118,1
DA:119,1
DA:120,1
DA:123,1
DA:124,1
LF:60
LH:28
BRF:0
BRH:0
end_of_record
TN:
SF:e2e/registry/rosettanet.ts
FN:5,registerFunction
FN:10,registerContractIfNotRegistered
FN:30,getEthAddressFromRegistry
FN:39,evmTypesEnum
FNF:4
FNH:1
FNDA:0,registerFunction
FNDA:1,registerContractIfNotRegistered
FNDA:0,getEthAddressFromRegistry
FNDA:0,evmTypesEnum
DA:1,1
DA:2,1
DA:3,1
DA:5,1
DA:10,1
DA:11,1
DA:12,0
DA:14,0
DA:16,0
DA:17,0
DA:20,0
DA:22,0
DA:24,0
DA:25,0
DA:27,0
DA:30,1
DA:31,0
DA:32,0
DA:34,0
DA:36,0
LF:20
LH:7
BRDA:16,0,0,0
BRF:1
BRH:0
end_of_record
TN:
SF:src/index.ts
FN:6,initNode
FNF:1
FNH:0
FNDA:0,initNode
DA:1,1
DA:2,1
DA:3,1
DA:4,1
DA:6,1
DA:7,0
DA:8,0
DA:9,0
DA:10,0
DA:13,1
DA:14,0
LF:11
LH:6
BRDA:13,0,0,0
BRF:1
BRH:0
end_of_record
TN:
SF:src/logger.ts
FN:5,isSnifferActive
FN:9,snifferOutput
FN:16,getLogConfig
FN:21,writeLog
FN:44,appendLog
FN:80,(anonymous_5)
FN:86,getConsoleColor
FN:99,getSeverityString
FN:112,getMinimumSeverityLevel
FNF:9
FNH:6
FNDA:0,isSnifferActive
FNDA:0,snifferOutput
FNDA:2,getLogConfig
FNDA:2,writeLog
FNDA:2,appendLog
FNDA:0,(anonymous_5)
FNDA:2,getConsoleColor
FNDA:2,getSeverityString
FNDA:2,getMinimumSeverityLevel
DA:1,8
DA:3,8
DA:5,8
DA:6,0
DA:9,8
DA:13,0
DA:17,2
DA:18,2
DA:21,8
DA:22,2
DA:23,2
DA:24,0
DA:28,2
DA:30,2
DA:31,0
DA:34,2
DA:36,2
DA:38,2
DA:40,2
DA:41,2
DA:51,2
DA:53,2
DA:54,2
DA:55,0
DA:56,0
DA:63,0
DA:71,2
DA:73,2
DA:74,2
DA:77,0
DA:78,0
DA:80,0
DA:81,0
DA:87,2
DA:89,0
DA:91,0
DA:93,2
DA:95,0
DA:100,2
DA:102,0
DA:104,0
DA:106,2
DA:108,0
DA:113,2
DA:115,2
DA:116,0
DA:119,2
LF:47
LH:29
BRDA:23,0,0,0
BRDA:30,1,0,0
BRDA:54,2,0,0
BRDA:71,3,0,2
BRDA:77,4,0,0
BRDA:87,5,0,0
BRDA:87,5,1,0
BRDA:87,5,2,2
BRDA:87,5,3,0
BRDA:100,6,0,0
BRDA:100,6,1,0
BRDA:100,6,2,2
BRDA:100,6,3,0
BRDA:115,7,0,0
BRF:14
BRH:3
end_of_record
TN:
SF:src/server.ts
FN:10,StartListening
FN:23,(anonymous_2)
FN:27,(anonymous_3)
FN:29,(anonymous_4)
FN:39,(anonymous_5)
FN:41,(anonymous_6)
FNF:6
FNH:0
FNDA:0,StartListening
FNDA:0,(anonymous_2)
FNDA:0,(anonymous_3)
FNDA:0,(anonymous_4)
FNDA:0,(anonymous_5)
FNDA:0,(anonymous_6)
DA:1,1
DA:2,1
DA:3,1
DA:5,1
DA:6,1
DA:7,1
DA:8,1
DA:10,1
DA:11,0
DA:12,0
DA:13,0
DA:15,0
DA:16,0
DA:17,0
DA:18,0
DA:19,0
DA:21,0
DA:23,0
DA:25,0
DA:27,0
DA:28,0
DA:29,0
DA:30,0
DA:31,0
DA:33,0
DA:34,0
DA:39,0
DA:40,0
DA:41,0
DA:42,0
DA:43,0
LF:31
LH:8
BRDA:13,0,0,0
BRDA:13,0,1,0
BRDA:30,1,0,0
BRF:3
BRH:0
end_of_record
TN:
SF:src/cache/blockNumber.ts
FN:8,getCachedBlockNumber
FN:15,updateBlockNumber
FN:32,syncBlockNumber
FN:37,(anonymous_12)
FNF:4
FNH:1
FNDA:1,getCachedBlockNumber
FNDA:0,updateBlockNumber
FNDA:0,syncBlockNumber
FNDA:0,(anonymous_12)
DA:1,2
DA:2,2
DA:4,2
DA:6,2
DA:8,2
DA:9,1
DA:10,1
DA:12,0
DA:16,0
DA:23,0
DA:24,0
DA:25,0
DA:28,0
DA:29,0
DA:32,2
DA:34,0
DA:35,0
DA:37,0
LF:18
LH:8
BRDA:9,0,0,1
BRDA:23,1,0,0
BRF:2
BRH:1
end_of_record
TN:
SF:src/cache/gasPrice.ts
FN:18,getCachedGasPrice
FN:32,updateGasPrice
FN:74,syncGasPrice
FN:78,(anonymous_12)
FNF:4
FNH:1
FNDA:1,getCachedGasPrice
FNDA:0,updateGasPrice
FNDA:0,syncGasPrice
FNDA:0,(anonymous_12)
DA:1,2
DA:2,2
DA:4,2
DA:5,2
DA:18,2
DA:19,1
DA:20,1
DA:29,0
DA:33,0
DA:34,0
DA:41,0
DA:42,0
DA:43,0
DA:46,0
DA:47,0
DA:49,0
DA:50,0
DA:51,0
DA:53,0
DA:66,0
DA:67,0
DA:70,0
DA:74,2
DA:76,0
DA:77,0
DA:78,0
LF:26
LH:8
BRDA:19,0,0,1
BRDA:41,1,0,0
BRDA:49,2,0,0
BRDA:62,3,0,0
BRDA:62,3,1,0
BRDA:62,4,0,0
BRDA:62,4,1,0
BRDA:63,5,0,0
BRDA:63,5,1,0
BRDA:63,6,0,0
BRDA:63,6,1,0
BRF:11
BRH:1
end_of_record
TN:
SF:src/rpc/calls.ts
FN:243,(anonymous_7)
FNF:1
FNH:0
FNDA:0,(anonymous_7)
DA:1,1
DA:8,1
DA:9,1
DA:10,1
DA:11,1
DA:12,1
DA:13,1
DA:14,1
DA:15,1
DA:16,1
DA:17,1
DA:18,1
DA:19,1
DA:20,1
DA:21,1
DA:22,1
DA:23,1
DA:24,1
DA:25,1
DA:26,1
DA:27,1
DA:28,1
DA:29,1
DA:30,1
DA:31,1
DA:32,1
DA:33,1
DA:34,1
DA:35,1
DA:36,1
DA:37,1
DA:38,1
DA:39,1
DA:40,1
DA:41,1
DA:42,1
DA:43,1
DA:44,1
DA:45,1
DA:46,1
DA:47,1
DA:48,1
DA:50,1
DA:52,1
DA:53,1
DA:58,1
DA:63,1
DA:68,1
DA:73,1
DA:78,1
DA:83,1
DA:88,1
DA:93,1
DA:98,1
DA:103,1
DA:108,1
DA:113,1
DA:118,1
DA:123,1
DA:128,1
DA:133,1
DA:138,1
DA:143,1
DA:148,1
DA:153,1
DA:158,1
DA:163,1
DA:168,1
DA:173,1
DA:178,1
DA:183,1
DA:188,1
DA:193,1
DA:198,1
DA:203,1
DA:208,1
DA:213,1
DA:218,1
DA:223,1
DA:228,1
DA:233,1
DA:238,1
DA:243,1
DA:244,0
DA:245,0
DA:246,0
DA:247,0
DA:248,0
DA:249,0
DA:250,0
DA:253,0
DA:254,0
DA:255,0
DA:256,0
DA:257,0
DA:258,0
DA:259,0
DA:262,0
DA:263,0
DA:265,0
DA:268,0
DA:269,0
DA:271,0
DA:272,0
DA:283,0
DA:294,0
DA:302,0
DA:307,0
DA:311,1
LF:109
LH:84
BRDA:245,0,0,0
BRDA:245,1,0,0
BRDA:245,1,1,0
BRDA:245,2,0,0
BRDA:245,2,1,0
BRDA:247,3,0,0
BRDA:253,4,0,0
BRDA:253,4,1,0
BRDA:253,5,0,0
BRDA:253,5,1,0
BRDA:253,5,2,0
BRDA:253,6,0,0
BRDA:253,6,1,0
BRDA:253,7,0,0
BRDA:253,7,1,0
BRDA:253,8,0,0
BRDA:253,8,1,0
BRDA:253,9,0,0
BRDA:253,9,1,0
BRDA:255,10,0,0
BRDA:258,11,0,0
BRDA:262,12,0,0
BRDA:262,12,1,0
BRDA:277,13,0,0
BRDA:277,13,1,0
BRF:25
BRH:0
end_of_record
TN:
SF:src/rpc/calls/accounts.ts
FN:3,accountsHandler
FNF:1
FNH:1
FNDA:1,accountsHandler
DA:3,2
DA:6,1
DA:7,0
DA:17,1
LF:4
LH:3
BRDA:6,0,0,0
BRF:1
BRH:0
end_of_record
TN:
SF:src/rpc/calls/blobBaseFee.ts
FN:3,blobBaseFeeHandler
FNF:1
FNH:1
FNDA:2,blobBaseFeeHandler
DA:3,2
DA:6,2
DA:7,1
DA:17,1
LF:4
LH:4
BRDA:6,0,0,1
BRF:1
BRH:1
end_of_record
TN:
SF:src/rpc/calls/blockNumber.ts
FN:4,blockNumberHandler
FNF:1
FNH:1
FNDA:1,blockNumberHandler
DA:1,2
DA:4,2
DA:7,1
DA:9,1
LF:4
LH:4
BRF:0
BRH:0
end_of_record
TN:
SF:src/rpc/calls/chainId.ts
FN:4,chainIdHandler
FNF:1
FNH:1
FNDA:1,chainIdHandler
DA:2,2
DA:4,2
DA:7,1
DA:8,0
DA:18,1
DA:19,0
LF:6
LH:4
BRDA:7,0,0,0
BRF:1
BRH:0
end_of_record
TN:
SF:src/rpc/calls/createAccessList.ts
FN:3,createAccessListHandler
FNF:1
FNH:0
FNDA:0,createAccessListHandler
DA:3,1
DA:6,0
LF:2
LH:1
BRF:0
BRH:0
end_of_record
TN:
SF:src/rpc/calls/estimateGas.ts
FN:4,estimateGasHandler
FNF:1
FNH:1
FNDA:2,estimateGasHandler
DA:4,2
DA:7,2
DA:8,2
DA:14,0
LF:4
LH:3
BRF:0
BRH:0
end_of_record
TN:
SF:src/rpc/calls/ethCall.ts
FN:54,isEthCallParameters
FN:65,ethCallHandler
FNF:2
FNH:2
FNDA:2,isEthCallParameters
FNDA:2,ethCallHandler
DA:2,2
DA:21,2
DA:22,2
DA:27,2
DA:31,2
DA:35,2
DA:36,2
DA:42,2
DA:43,2
DA:54,2
DA:58,2
DA:59,2
DA:60,2
DA:62,0
DA:65,2
DA:68,2
DA:69,0
DA:79,2
DA:80,2
DA:81,0
DA:91,2
DA:92,0
DA:102,2
DA:103,0
DA:112,2
DA:116,2
DA:120,0
DA:129,2
DA:130,0
DA:131,0
DA:139,0
DA:140,0
DA:141,0
DA:153,0
DA:156,0
DA:162,0
DA:163,0
DA:171,0
DA:176,0
DA:178,0
DA:184,0
DA:185,0
DA:195,0
DA:197,0
DA:198,0
DA:207,0
DA:214,0
DA:215,0
DA:223,0
DA:229,0
DA:231,0
DA:232,0
DA:242,0
LF:53
LH:22
BRDA:58,0,0,2
BRDA:58,1,0,2
BRDA:58,1,1,2
BRDA:68,2,0,0
BRDA:68,3,0,2
BRDA:68,3,1,2
BRDA:80,4,0,0
BRDA:91,5,0,0
BRDA:102,6,0,0
BRDA:102,7,0,2
BRDA:102,7,1,0
BRDA:116,8,0,0
BRDA:117,9,0,2
BRDA:117,9,1,2
BRDA:130,10,0,0
BRDA:140,11,0,0
BRDA:162,12,0,0
BRDA:184,13,0,0
BRDA:214,14,0,0
BRDA:231,15,0,0
BRF:20
BRH:8
end_of_record
TN:
SF:src/rpc/calls/feeHistory.ts
FN:4,feeHistoryHandler
FNF:1
FNH:1
FNDA:5,feeHistoryHandler
DA:2,2
DA:4,2
DA:7,5
DA:8,5
DA:10,5
DA:11,0
DA:21,5
DA:22,2
DA:33,3
DA:34,2
DA:44,1
LF:11
LH:10
BRDA:10,0,0,0
BRDA:10,1,0,5
BRDA:10,1,1,5
BRDA:21,2,0,2
BRDA:21,3,0,5
BRDA:21,3,1,4
BRDA:33,4,0,2
BRF:7
BRH:6
end_of_record
TN:
SF:src/rpc/calls/gasPrice.ts
FN:4,gasPriceHandler
FNF:1
FNH:1
FNDA:1,gasPriceHandler
DA:1,2
DA:4,2
DA:7,1
DA:10,1
LF:4
LH:4
BRF:0
BRH:0
end_of_record
TN:
SF:src/rpc/calls/getBalance.ts
FN:13,getBalanceHandler
FNF:1
FNH:1
FNDA:3,getBalanceHandler
DA:8,2
DA:9,2
DA:10,2
DA:11,2
DA:13,2
DA:16,3
DA:17,0
DA:28,3
DA:29,3
DA:30,1
DA:42,2
DA:43,0
DA:44,0
DA:45,0
DA:51,0
DA:59,0
DA:61,0
DA:62,0
DA:69,0
LF:19
LH:10
BRDA:16,0,0,0
BRDA:29,1,0,1
BRDA:43,2,0,0
BRDA:44,3,0,0
BRDA:61,4,0,0
BRF:5
BRH:1
end_of_record
TN:
SF:src/rpc/calls/getBlockByHash.ts
FN:11,getBlockByHashHandler
FN:116,(anonymous_9)
FNF:2
FNH:1
FNDA:5,getBlockByHashHandler
FNDA:0,(anonymous_9)
DA:1,2
DA:8,2
DA:9,2
DA:11,2
DA:17,5
DA:18,1
DA:29,4
DA:32,4
DA:33,1
DA:44,3
DA:46,3
DA:47,1
DA:58,2
DA:59,1
DA:61,1
DA:68,1
DA:69,1
DA:77,0
DA:101,0
DA:106,0
DA:116,0
DA:117,0
DA:140,0
DA:167,1
DA:169,1
DA:176,1
DA:177,1
DA:185,0
DA:200,0
LF:29
LH:21
BRDA:17,0,0,1
BRDA:32,1,0,1
BRDA:46,2,0,1
BRDA:58,3,0,1
BRDA:58,3,1,1
BRDA:68,4,0,1
BRDA:101,5,0,0
BRDA:102,6,0,0
BRDA:102,6,1,0
BRDA:127,7,0,0
BRDA:127,7,1,0
BRDA:130,8,0,0
BRDA:130,8,1,0
BRDA:131,9,0,0
BRDA:131,9,1,0
BRDA:176,10,0,1
BRF:16
BRH:7
end_of_record
TN:
SF:src/rpc/calls/getBlockByNumber.ts
FN:11,getBlockByNumberHandler
FN:137,(anonymous_9)
FNF:2
FNH:1
FNDA:5,getBlockByNumberHandler
FNDA:0,(anonymous_9)
DA:1,2
DA:8,2
DA:9,2
DA:10,2
DA:11,2
DA:17,5
DA:18,1
DA:29,4
DA:32,4
DA:34,1
DA:45,3
DA:52,3
DA:53,3
DA:61,0
DA:63,0
DA:64,0
DA:75,0
DA:79,0
DA:80,0
DA:82,0
DA:89,0
DA:90,0
DA:98,0
DA:122,0
DA:127,0
DA:137,0
DA:138,0
DA:161,0
DA:189,0
DA:191,0
DA:197,0
DA:198,0
DA:206,0
DA:221,0
LF:34
LH:13
BRDA:17,0,0,1
BRDA:32,1,0,1
BRDA:52,2,0,3
BRDA:63,3,0,0
BRDA:75,4,0,0
BRDA:75,4,1,0
BRDA:79,5,0,0
BRDA:79,5,1,0
BRDA:89,6,0,0
BRDA:122,7,0,0
BRDA:123,8,0,0
BRDA:123,8,1,0
BRDA:147,9,0,0
BRDA:147,9,1,0
BRDA:147,10,0,0
BRDA:147,10,1,0
BRDA:148,11,0,0
BRDA:148,11,1,0
BRDA:151,12,0,0
BRDA:151,12,1,0
BRDA:151,13,0,0
BRDA:151,13,1,0
BRDA:151,14,0,0
BRDA:151,14,1,0
BRDA:152,15,0,0
BRDA:152,15,1,0
BRDA:152,16,0,0
BRDA:152,16,1,0
BRDA:152,17,0,0
BRDA:152,17,1,0
BRDA:197,18,0,0
BRF:31
BRH:3
end_of_record
TN:
SF:src/rpc/calls/getBlockTransactionCountByHash.ts
FN:11,getBlockTransactionCountByHashHandler
FNF:1
FNH:1
FNDA:3,getBlockTransactionCountByHashHandler
DA:1,2
DA:8,2
DA:9,2
DA:11,2
DA:14,3
DA:17,3
DA:18,0
DA:28,3
DA:31,3
DA:32,2
DA:42,1
DA:53,1
DA:54,1
DA:61,0
DA:63,0
LF:15
LH:12
BRDA:17,0,0,0
BRDA:31,1,0,2
BRDA:53,2,0,1
BRF:3
BRH:2
end_of_record
TN:
SF:src/rpc/calls/getBlockTransactionCountByNumber.ts
FN:12,getBlockTransactionCountByNumberHandler
FNF:1
FNH:1
FNDA:6,getBlockTransactionCountByNumberHandler
DA:1,2
DA:8,2
DA:9,2
DA:10,2
DA:12,2
DA:15,6
DA:18,6
DA:19,1
DA:29,5
DA:31,5
DA:32,1
DA:43,4
DA:50,4
DA:51,4
DA:58,0
DA:61,0
DA:68,0
DA:69,0
DA:77,0
DA:79,0
LF:20
LH:14
BRDA:18,0,0,1
BRDA:31,1,0,1
BRDA:50,2,0,4
BRDA:58,3,0,0
BRDA:58,3,1,0
BRDA:68,4,0,0
BRF:6
BRH:3
end_of_record
TN:
SF:src/rpc/calls/getCode.ts
FN:3,getCodeHandler
FNF:1
FNH:1
FNDA:4,getCodeHandler
DA:3,2
DA:6,4
DA:7,0
DA:17,4
LF:4
LH:3
BRDA:6,0,0,0
BRF:1
BRH:0
end_of_record
TN:
SF:src/rpc/calls/getFilterChanges.ts
FN:3,getFilterChangesHandler
FNF:1
FNH:0
FNDA:0,getFilterChangesHandler
DA:3,1
DA:6,0
LF:2
LH:1
BRF:0
BRH:0
end_of_record
TN:
SF:src/rpc/calls/getStorageAt.ts
FN:13,getStorageAtHandler
FNF:1
FNH:1
FNDA:1,getStorageAtHandler
DA:1,2
DA:8,2
DA:9,2
DA:10,2
DA:11,2
DA:13,2
DA:16,1
DA:18,1
DA:19,0
DA:29,1
DA:30,1
DA:31,0
DA:42,1
DA:44,0
DA:45,0
DA:52,0
DA:59,0
DA:61,0
DA:62,0
DA:69,0
DA:71,0
LF:21
LH:11
BRDA:18,0,0,0
BRDA:30,1,0,0
BRDA:44,2,0,0
BRDA:61,3,0,0
BRF:4
BRH:0
end_of_record
TN:
SF:src/rpc/calls/getTransactionByBlockHashAndIndex.ts
FN:11,getTransactionsByBlockHashAndIndexHandler
FNF:1
FNH:1
FNDA:3,getTransactionsByBlockHashAndIndexHandler
DA:1,2
DA:8,2
DA:9,2
DA:11,2
DA:14,3
DA:16,3
DA:17,0
DA:28,3
DA:29,3
DA:32,3
DA:33,1
DA:43,2
DA:50,2
DA:51,2
DA:58,0
DA:82,0
DA:87,0
DA:98,0
DA:100,0
DA:101,0
DA:112,0
DA:121,0
DA:122,0
DA:129,0
DA:150,0
DA:151,0
DA:152,0
DA:153,0
DA:156,0
LF:29
LH:13
BRDA:16,0,0,0
BRDA:32,1,0,1
BRDA:50,2,0,2
BRDA:82,3,0,0
BRDA:83,4,0,0
BRDA:83,4,1,0
BRDA:100,5,0,0
BRDA:121,6,0,0
BRDA:152,7,0,0
BRDA:152,7,1,0
BRDA:153,8,0,0
BRDA:153,8,1,0
BRF:12
BRH:2
end_of_record
TN:
SF:src/rpc/calls/getTransactionByBlockNumberAndIndex.ts
FN:12,getTransactionsByBlockNumberAndIndexHandler
FNF:1
FNH:1
FNDA:5,getTransactionsByBlockNumberAndIndexHandler
DA:1,2
DA:8,2
DA:9,2
DA:10,2
DA:12,2
DA:15,5
DA:16,1
DA:27,4
DA:28,4
DA:31,4
DA:32,2
DA:43,2
DA:50,2
DA:51,2
DA:58,0
DA:62,0
DA:69,0
DA:70,0
DA:77,0
DA:101,0
DA:102,0
DA:112,0
DA:117,0
DA:128,0
DA:130,0
DA:131,0
DA:143,0
DA:150,0
DA:151,0
DA:158,0
DA:179,0
DA:180,0
DA:181,0
DA:182,0
DA:185,0
LF:35
LH:14
BRDA:15,0,0,1
BRDA:31,1,0,2
BRDA:50,2,0,2
BRDA:58,3,0,0
BRDA:58,3,1,0
BRDA:69,4,0,0
BRDA:101,5,0,0
BRDA:112,6,0,0
BRDA:113,7,0,0
BRDA:113,7,1,0
BRDA:130,8,0,0
BRDA:150,9,0,0
BRDA:181,10,0,0
BRDA:181,10,1,0
BRDA:181,11,0,0
BRDA:181,11,1,0
BRDA:181,12,0,0
BRDA:181,12,1,0
BRDA:182,13,0,0
BRDA:182,13,1,0
BRDA:182,14,0,0
BRDA:182,14,1,0
BRDA:182,15,0,0
BRDA:182,15,1,0
BRDA:195,16,0,0
BRDA:195,16,1,0
BRDA:195,17,0,0
BRDA:195,17,1,0
BRDA:195,18,0,0
BRDA:195,18,1,0
BRDA:195,19,0,0
BRDA:195,19,1,0
BRF:32
BRH:3
end_of_record
TN:
SF:src/rpc/calls/getTransactionByHash.ts
FN:11,getTransactionsByHashHandler
FNF:1
FNH:1
FNDA:3,getTransactionsByHashHandler
DA:1,2
DA:8,2
DA:9,2
DA:11,2
DA:14,3
DA:16,3
DA:17,1
DA:28,2
DA:31,2
DA:32,1
DA:42,1
DA:49,1
DA:50,1
DA:57,0
DA:70,0
DA:79,0
DA:80,0
DA:87,0
DA:108,0
DA:109,0
DA:110,0
DA:111,0
DA:114,0
LF:23
LH:13
BRDA:16,0,0,1
BRDA:31,1,0,1
BRDA:49,2,0,1
BRDA:79,3,0,0
BRDA:110,4,0,0
BRDA:110,4,1,0
BRDA:111,5,0,0
BRDA:111,5,1,0
BRF:8
BRH:3
end_of_record
TN:
SF:src/rpc/calls/getTransactionCount.ts
FN:12,getTransactionCountHandler
FNF:1
FNH:1
FNDA:3,getTransactionCountHandler
DA:1,2
DA:8,2
DA:9,2
DA:10,2
DA:12,2
DA:15,3
DA:16,0
DA:27,3
DA:28,3
DA:29,1
DA:41,2
DA:42,0
DA:43,0
DA:50,0
DA:52,0
LF:15
LH:10
BRDA:15,0,0,0
BRDA:28,1,0,1
BRDA:42,2,0,0
BRF:3
BRH:1
end_of_record
TN:
SF:src/rpc/calls/getTransactionReceipt.ts
FN:46,isTransactionByHashResponse
FN:77,isTransactionReceiptResponse
FN:105,getTransactionReceiptHandler
FNF:3
FNH:1
FNDA:0,isTransactionByHashResponse
FNDA:0,isTransactionReceiptResponse
FNDA:2,getTransactionReceiptHandler
DA:2,2
DA:3,2
DA:10,2
DA:11,2
DA:12,2
DA:49,0
DA:50,0
DA:51,0
DA:52,0
DA:67,0
DA:74,0
DA:80,0
DA:81,0
DA:82,0
DA:94,0
DA:105,2
DA:108,2
DA:109,1
DA:121,1
DA:126,1
DA:139,1
DA:140,1
DA:147,0
DA:148,0
DA:156,0
DA:165,0
DA:166,0
DA:173,0
DA:174,0
DA:189,0
DA:197,0
DA:198,0
DA:199,0
DA:203,0
DA:220,0
DA:227,0
DA:230,0
DA:232,0
DA:233,0
DA:240,0
DA:245,0
DA:262,0
LF:42
LH:12
BRDA:49,0,0,0
BRDA:49,1,0,0
BRDA:49,1,1,0
BRDA:51,2,0,0
BRDA:51,2,1,0
BRDA:51,3,0,0
BRDA:51,3,1,0
BRDA:53,4,0,0
BRDA:53,4,1,0
BRDA:53,4,2,0
BRDA:53,4,3,0
BRDA:53,4,4,0
BRDA:53,4,5,0
BRDA:53,4,6,0
BRDA:53,4,7,0
BRDA:53,4,8,0
BRDA:53,4,9,0
BRDA:53,4,10,0
BRDA:53,4,11,0
BRDA:68,5,0,0
BRDA:68,5,1,0
BRDA:68,5,2,0
BRDA:80,6,0,0
BRDA:80,7,0,0
BRDA:80,7,1,0
BRDA:83,8,0,0
BRDA:83,8,1,0
BRDA:83,8,2,0
BRDA:83,8,3,0
BRDA:83,8,4,0
BRDA:83,8,5,0
BRDA:83,8,6,0
BRDA:83,8,7,0
BRDA:83,8,8,0
BRDA:108,9,0,1
BRDA:121,10,0,1
BRDA:121,10,1,0
BRDA:139,11,0,1
BRDA:147,12,0,0
BRDA:165,13,0,0
BRDA:173,14,0,0
BRDA:198,15,0,0
BRDA:213,16,0,0
BRDA:213,16,1,0
BRDA:232,17,0,0
BRDA:255,18,0,0
BRDA:255,18,1,0
BRF:47
BRH:3
end_of_record
TN:
SF:src/rpc/calls/getUncleByBlockHashAndIndex.ts
FN:4,getUncleByBlockHashAndIndexHandler
FNF:1
FNH:0
FNDA:0,getUncleByBlockHashAndIndexHandler
DA:2,1
DA:4,1
DA:7,0
DA:8,0
DA:19,0
DA:22,0
DA:23,0
DA:33,0
LF:8
LH:2
BRDA:7,0,0,0
BRDA:22,1,0,0
BRF:2
BRH:0
end_of_record
TN:
SF:src/rpc/calls/getUncleByBlockNumberAndIndex.ts
FN:4,getUncleByBlockNumberAndIndexHandler
FNF:1
FNH:0
FNDA:0,getUncleByBlockNumberAndIndexHandler
DA:2,1
DA:4,1
DA:7,0
DA:8,0
DA:19,0
DA:22,0
DA:23,0
DA:33,0
LF:8
LH:2
BRDA:7,0,0,0
BRDA:22,1,0,0
BRF:2
BRH:0
end_of_record
TN:
SF:src/rpc/calls/getUncleCountByBlockHash.ts
FN:4,getUncleCountByBlockHashHandler
FNF:1
FNH:0
FNDA:0,getUncleCountByBlockHashHandler
DA:2,1
DA:4,1
DA:7,0
DA:8,0
DA:19,0
DA:22,0
DA:23,0
DA:33,0
LF:8
LH:2
BRDA:7,0,0,0
BRDA:22,1,0,0
BRF:2
BRH:0
end_of_record
TN:
SF:src/rpc/calls/getUncleCountByBlockNumber.ts
FN:4,getUncleCountByBlockNumberHandler
FNF:1
FNH:0
FNDA:0,getUncleCountByBlockNumberHandler
DA:2,1
DA:4,1
DA:7,0
DA:8,0
DA:19,0
DA:22,0
DA:23,0
DA:33,0
LF:8
LH:2
BRDA:7,0,0,0
BRDA:22,1,0,0
BRF:2
BRH:0
end_of_record
TN:
SF:src/rpc/calls/getWork.ts
FN:3,getWorkHandler
FNF:1
FNH:0
FNDA:0,getWorkHandler
DA:3,1
DA:6,0
DA:7,0
DA:17,0
LF:4
LH:1
BRDA:6,0,0,0
BRF:1
BRH:0
end_of_record
TN:
SF:src/rpc/calls/hashrate.ts
FN:3,hashrateHandler
FNF:1
FNH:0
FNDA:0,hashrateHandler
DA:3,1
DA:6,0
DA:7,0
DA:17,0
LF:4
LH:1
BRDA:6,0,0,0
BRF:1
BRH:0
end_of_record
TN:
SF:src/rpc/calls/maxPriorityFeePerGas.ts
FN:3,maxPriorityFeePerGasHandler
FNF:1
FNH:1
FNDA:1,maxPriorityFeePerGasHandler
DA:3,2
DA:6,1
LF:2
LH:2
BRF:0
BRH:0
end_of_record
TN:
SF:src/rpc/calls/mining.ts
FN:3,miningHandler
FNF:1
FNH:0
FNDA:0,miningHandler
DA:3,1
DA:6,0
DA:7,0
DA:17,0
LF:4
LH:1
BRDA:6,0,0,0
BRF:1
BRH:0
end_of_record
TN:
SF:src/rpc/calls/netListening.ts
FN:3,netListeningHandler
FNF:1
FNH:0
FNDA:0,netListeningHandler
DA:3,1
DA:6,0
DA:7,0
DA:17,0
LF:4
LH:1
BRDA:6,0,0,0
BRF:1
BRH:0
end_of_record
TN:
SF:src/rpc/calls/netPeerCount.ts
FN:3,netPeerCountHandler
FNF:1
FNH:0
FNDA:0,netPeerCountHandler
DA:3,1
DA:6,0
DA:7,0
DA:17,0
LF:4
LH:1
BRDA:6,0,0,0
BRF:1
BRH:0
end_of_record
TN:
SF:src/rpc/calls/netVersion.ts
FN:3,netVersionHandler
FNF:1
FNH:0
FNDA:0,netVersionHandler
DA:3,1
DA:6,0
DA:7,0
DA:17,0
LF:4
LH:1
BRDA:6,0,0,0
BRF:1
BRH:0
end_of_record
TN:
SF:src/rpc/calls/protocolVersion.ts
FN:10,protocolVersionHandler
FNF:1
FNH:0
FNDA:0,protocolVersionHandler
DA:1,1
DA:8,1
DA:10,1
DA:13,0
DA:14,0
DA:24,0
DA:31,0
DA:32,0
DA:39,0
DA:41,0
DA:43,0
DA:45,0
DA:47,0
LF:13
LH:3
BRDA:13,0,0,0
BRDA:31,1,0,0
BRF:2
BRH:0
end_of_record
TN:
SF:src/rpc/calls/sendRawTransaction.ts
FN:32,sendRawTransactionHandler
FN:112,broadcastTransaction
FN:157,deployAndBroadcastTransaction
FNF:3
FNH:1
FNDA:1,sendRawTransactionHandler
FNDA:0,broadcastTransaction
FNDA:0,deployAndBroadcastTransaction
DA:1,2
DA:10,2
DA:11,2
DA:17,2
DA:24,2
DA:25,2
DA:29,2
DA:30,2
DA:32,2
DA:35,1
DA:36,0
DA:46,1
DA:47,0
DA:57,1
DA:58,1
DA:61,1
DA:63,1
DA:64,0
DA:75,1
DA:76,0
DA:78,0
DA:82,0
DA:84,0
DA:88,0
DA:89,0
DA:99,0
DA:101,0
DA:109,0
DA:117,0
DA:125,0
DA:126,0
DA:127,0
DA:136,0
DA:146,0
DA:147,0
DA:148,0
DA:154,0
DA:158,0
DA:162,0
DA:163,0
DA:164,0
DA:165,0
DA:176,0
DA:179,0
DA:180,0
DA:190,0
DA:198,0
LF:47
LH:16
BRDA:35,0,0,0
BRDA:46,1,0,0
BRDA:63,2,0,0
BRDA:76,3,0,0
BRDA:88,4,0,0
BRDA:125,5,0,0
BRDA:126,6,0,0
BRDA:147,7,0,0
BRDA:163,8,0,0
BRDA:179,9,0,0
BRF:10
BRH:0
end_of_record
TN:
SF:src/rpc/calls/starknetCall.ts
FN:10,starknetCallHandler
FNF:1
FNH:1
FNDA:1,starknetCallHandler
DA:1,2
DA:8,2
DA:10,2
DA:13,1
DA:20,1
DA:21,1
DA:28,0
LF:7
LH:6
BRDA:20,0,0,1
BRF:1
BRH:1
end_of_record
TN:
SF:src/rpc/calls/syncing.ts
FN:10,ethSyncingHandler
FNF:1
FNH:1
FNDA:2,ethSyncingHandler
DA:1,2
DA:8,2
DA:10,2
DA:13,2
DA:14,1
DA:24,1
DA:31,1
DA:32,1
DA:39,0
DA:40,0
DA:47,0
DA:56,0
LF:12
LH:8
BRDA:13,0,0,1
BRDA:31,1,0,1
BRDA:39,2,0,0
BRDA:39,3,0,0
BRDA:39,3,1,0
BRF:5
BRH:2
end_of_record
TN:
SF:src/rpc/calls/unsubscribe.ts
FN:3,unsubscribeHandler
FNF:1
FNH:0
FNDA:0,unsubscribeHandler
DA:3,1
DA:6,0
DA:7,0
DA:17,0
LF:4
LH:1
BRDA:6,0,0,0
BRF:1
BRH:0
end_of_record
TN:
SF:src/rpc/calls/web3clientVersion.ts
FN:10,web3clientVersionHandler
FNF:1
FNH:0
FNDA:0,web3clientVersionHandler
DA:1,1
DA:8,1
DA:10,1
DA:13,0
DA:14,0
DA:24,0
DA:31,0
DA:32,0
DA:39,0
DA:41,0
DA:43,0
LF:11
LH:3
BRDA:13,0,0,0
BRDA:31,1,0,0
BRF:2
BRH:0
end_of_record
TN:
SF:src/types/typeGuards.ts
FN:18,isRPCError
FN:33,isRPCResponse
FN:45,isAccountDeployError
FN:55,isAccountDeployResult
FN:68,isEVMDecodeError
FN:76,isEVMDecodeResult
FN:84,isEVMEncodeResult
FN:92,isRosettanetSignature
FN:109,isSignedRawTransaction
FN:131,isValidationError
FN:139,isPrepareCalldataError
FN:149,isStarknetContract
FN:159,isStarknetRPCError
FN:167,isEstimateGasTransaction
FN:182,isSimulateTransaction
FNF:15
FNH:7
FNDA:1,isRPCError
FNDA:1,isRPCResponse
FNDA:0,isAccountDeployError
FNDA:0,isAccountDeployResult
FNDA:0,isEVMDecodeError
FNDA:1,isEVMDecodeResult
FNDA:5,isEVMEncodeResult
FNDA:1,isRosettanetSignature
FNDA:1,isSignedRawTransaction
FNDA:0,isValidationError
FNDA:0,isPrepareCalldataError
FNDA:0,isStarknetContract
FNDA:20,isStarknetRPCError
FNDA:0,isEstimateGasTransaction
FNDA:0,isSimulateTransaction
DA:18,22
DA:19,1
DA:20,1
DA:21,1
DA:30,0
DA:33,22
DA:34,1
DA:35,1
DA:36,1
DA:42,0
DA:45,22
DA:48,0
DA:49,0
DA:50,0
DA:52,0
DA:55,22
DA:58,0
DA:59,0
DA:60,0
DA:65,0
DA:68,22
DA:69,0
DA:70,0
DA:71,0
DA:73,0
DA:76,22
DA:77,1
DA:78,1
DA:79,1
DA:81,0
DA:84,22
DA:85,5
DA:86,5
DA:87,5
DA:89,0
DA:92,22
DA:95,1
DA:96,1
DA:97,1
DA:106,0
DA:109,22
DA:113,1
DA:114,1
DA:115,1
DA:128,0
DA:131,22
DA:132,0
DA:133,0
DA:134,0
DA:136,0
DA:139,22
DA:142,0
DA:143,0
DA:144,0
DA:146,0
DA:149,22
DA:150,0
DA:151,0
DA:152,0
DA:154,0
DA:159,22
DA:160,20
DA:161,20
DA:162,20
DA:164,0
DA:167,22
DA:170,0
DA:171,0
DA:172,0
DA:179,0
DA:182,22
DA:185,0
DA:186,0
DA:187,0
DA:200,0
LF:75
LH:36
BRDA:19,0,0,1
BRDA:19,1,0,1
BRDA:19,1,1,1
BRDA:22,2,0,1
BRDA:22,2,1,0
BRDA:22,2,2,1
BRDA:22,2,3,1
BRDA:22,2,4,1
BRDA:22,2,5,1
BRDA:22,2,6,1
BRDA:34,3,0,1
BRDA:34,4,0,1
BRDA:34,4,1,1
BRDA:37,5,0,1
BRDA:37,5,1,0
BRDA:37,5,2,0
BRDA:48,6,0,0
BRDA:48,7,0,0
BRDA:48,7,1,0
BRDA:50,8,0,0
BRDA:50,8,1,0
BRDA:58,9,0,0
BRDA:58,10,0,0
BRDA:58,10,1,0
BRDA:61,11,0,0
BRDA:61,11,1,0
BRDA:69,12,0,0
BRDA:69,13,0,0
BRDA:69,13,1,0
BRDA:71,14,0,0
BRDA:71,14,1,0
BRDA:77,15,0,1
BRDA:77,16,0,1
BRDA:77,16,1,1
BRDA:79,17,0,1
BRDA:79,17,1,1
BRDA:85,18,0,5
BRDA:85,19,0,5
BRDA:85,19,1,5
BRDA:95,20,0,1
BRDA:95,21,0,1
BRDA:95,21,1,1
BRDA:98,22,0,1
BRDA:98,22,1,1
BRDA:98,22,2,1
BRDA:98,22,3,1
BRDA:98,22,4,1
BRDA:98,22,5,1
BRDA:113,23,0,1
BRDA:113,24,0,1
BRDA:113,24,1,1
BRDA:116,25,0,1
BRDA:116,25,1,1
BRDA:116,25,2,1
BRDA:116,25,3,1
BRDA:116,25,4,1
BRDA:116,25,5,1
BRDA:116,25,6,1
BRDA:116,25,7,1
BRDA:116,25,8,1
BRDA:116,25,9,0
BRDA:116,25,10,1
BRDA:116,25,11,0
BRDA:132,26,0,0
BRDA:132,27,0,0
BRDA:132,27,1,0
BRDA:142,28,0,0
BRDA:142,29,0,0
BRDA:142,29,1,0
BRDA:150,30,0,0
BRDA:150,31,0,0
BRDA:150,31,1,0
BRDA:152,32,0,0
BRDA:152,32,1,0
BRDA:160,33,0,20
BRDA:160,34,0,20
BRDA:160,34,1,20
BRDA:162,35,0,20
BRDA:162,35,1,20
BRDA:170,36,0,0
BRDA:170,37,0,0
BRDA:170,37,1,0
BRDA:173,38,0,0
BRDA:173,38,1,0
BRDA:173,38,2,0
BRDA:173,38,3,0
BRDA:185,39,0,0
BRDA:185,40,0,0
BRDA:185,40,1,0
BRDA:188,41,0,0
BRDA:188,41,1,0
BRDA:188,41,2,0
BRDA:188,41,3,0
BRDA:188,41,4,0
BRDA:188,41,5,0
BRDA:188,41,6,0
BRDA:188,41,7,0
BRDA:188,41,8,0
BRDA:188,41,9,0
BRDA:188,41,10,0
BRDA:188,41,11,0
BRDA:188,41,12,0
BRDA:188,41,13,0
BRDA:188,41,14,0
BRDA:188,41,15,0
BRDA:188,41,16,0
BRF:106
BRH:48
end_of_record
TN:
SF:src/utils/callHelper.ts
FN:16,callStarknet
FN:55,getStarknetAccountNonce
FN:72,getSTRKBalance
FN:111,callStarknetEstimateFee
FNF:4
FNH:1
FNDA:21,callStarknet
FNDA:0,getStarknetAccountNonce
FNDA:0,getSTRKBalance
FNDA:0,callStarknetEstimateFee
DA:1,21
DA:10,21
DA:11,21
DA:12,21
DA:13,21
DA:14,21
DA:16,21
DA:19,21
DA:20,21
DA:21,0
DA:32,0
DA:34,0
DA:39,0
DA:41,21
DA:42,0
DA:47,21
DA:55,21
DA:58,0
DA:65,0
DA:66,0
DA:69,0
DA:72,21
DA:75,0
DA:76,0
DA:92,0
DA:93,0
DA:94,0
DA:97,0
DA:98,0
DA:104,0
DA:105,0
DA:111,21
DA:116,0
DA:150,0
LF:34
LH:14
BRDA:32,0,0,0
BRDA:41,1,0,0
BRDA:41,1,1,21
BRDA:65,2,0,0
BRDA:93,3,0,0
BRDA:97,4,0,0
BRF:6
BRH:1
end_of_record
TN:
SF:src/utils/calldata.ts
FN:22,getFunctionSelectorFromCalldata
FN:34,to128Bits
FN:64,convertUint256s
FN:80,decodeCalldataWithTypes
FN:91,(anonymous_11)
FN:97,(anonymous_12)
FN:104,mergeSlots
FN:154,encodeStarknetData
FN:166,(anonymous_15)
FN:185,decodeEVMCalldataWithAddressConversion
FN:206,(anonymous_18)
FN:256,decodeMulticallCalldata
FN:299,decodeMulticallFeatureCalldata
FN:342,(anonymous_21)
FN:366,decodeEVMCalldata
FN:387,(anonymous_23)
FNF:16
FNH:11
FNDA:4,getFunctionSelectorFromCalldata
FNDA:1,to128Bits
FNDA:2,convertUint256s
FNDA:4,decodeCalldataWithTypes
FNDA:6,(anonymous_11)
FNDA:5,(anonymous_12)
FNDA:14,mergeSlots
FNDA:5,encodeStarknetData
FNDA:9,(anonymous_15)
FNDA:0,decodeEVMCalldataWithAddressConversion
FNDA:0,(anonymous_18)
FNDA:0,decodeMulticallCalldata
FNDA:1,decodeMulticallFeatureCalldata
FNDA:4,(anonymous_21)
FNDA:0,decodeEVMCalldata
FNDA:0,(anonymous_23)
DA:2,4
DA:10,4
DA:15,4
DA:17,4
DA:18,4
DA:19,4
DA:22,4
DA:23,4
DA:24,0
DA:27,4
DA:28,1
DA:31,3
DA:34,4
DA:35,1
DA:36,0
DA:38,1
DA:40,1
DA:41,0
DA:44,1
DA:45,1
DA:46,1
DA:47,1
DA:48,18
DA:49,0
DA:55,18
DA:56,18
DA:58,18
DA:61,1
DA:64,4
DA:65,2
DA:67,2
DA:68,2
DA:69,2
DA:70,2
DA:72,0
DA:75,2
DA:80,4
DA:84,4
DA:85,0
DA:88,4
DA:90,4
DA:91,4
DA:92,6
DA:93,1
DA:95,5
DA:97,5
DA:99,3
DA:101,4
DA:104,4
DA:108,14
DA:109,14
DA:110,14
DA:111,25
DA:113,25
DA:114,5
DA:115,5
DA:116,5
DA:117,5
DA:118,5
DA:121,20
DA:122,4
DA:123,4
DA:125,4
DA:126,7
DA:127,7
DA:128,7
DA:130,4
DA:131,4
DA:132,4
DA:135,16
DA:136,3
DA:137,3
DA:138,3
DA:139,6
DA:140,6
DA:142,3
DA:143,3
DA:144,3
DA:147,13
DA:148,13
DA:151,14
DA:154,4
DA:158,5
DA:159,5
DA:160,0
DA:165,5
DA:166,9
DA:168,5
DA:170,5
DA:172,5
DA:176,0
DA:185,4
DA:190,0
DA:191,0
DA:192,0
DA:198,0
DA:199,0
DA:205,0
DA:206,0
DA:207,0
DA:211,0
DA:212,0
DA:213,0
DA:215,0
DA:216,0
DA:222,0
DA:223,0
DA:224,0
DA:226,0
DA:227,0
DA:228,0
DA:229,0
DA:231,0
DA:233,0
DA:234,0
DA:235,0
DA:237,0
DA:238,0
DA:239,0
DA:241,0
DA:244,0
DA:249,0
DA:256,4
DA:260,0
DA:261,0
DA:262,0
DA:263,0
DA:264,0
DA:265,0
DA:266,0
DA:268,0
DA:269,0
DA:271,0
DA:272,0
DA:273,0
DA:274,0
DA:275,0
DA:276,0
DA:277,0
DA:278,0
DA:279,0
DA:280,0
DA:281,0
DA:282,0
DA:283,0
DA:286,0
DA:291,0
DA:299,4
DA:304,1
DA:305,1
DA:306,0
DA:312,1
DA:313,0
DA:319,1
DA:320,1
DA:322,1
DA:324,1
DA:325,1
DA:326,1
DA:328,1
DA:330,1
DA:331,2
DA:333,2
DA:334,0
DA:339,2
DA:340,2
DA:341,2
DA:343,4
DA:346,2
DA:347,2
DA:348,2
DA:351,2
DA:354,1
DA:359,0
DA:366,4
DA:371,0
DA:372,0
DA:373,0
DA:379,0
DA:380,0
DA:386,0
DA:387,0
DA:388,0
DA:392,0
DA:393,0
DA:394,0
DA:396,0
DA:397,0
DA:403,0
DA:404,0
DA:405,0
DA:407,0
DA:408,0
DA:409,0
DA:410,0
DA:412,0
DA:413,0
DA:416,0
DA:421,0
LF:199
LH:109
BRDA:23,0,0,0
BRDA:27,1,0,1
BRDA:35,2,0,0
BRDA:40,3,0,0
BRDA:48,4,0,0
BRDA:68,5,0,2
BRDA:84,6,0,0
BRDA:84,7,0,4
BRDA:84,7,1,4
BRDA:92,8,0,1
BRDA:95,9,0,2
BRDA:97,10,0,0
BRDA:97,10,1,5
BRDA:113,11,0,5
BRDA:121,12,0,4
BRDA:135,13,0,3
BRDA:159,14,0,0
BRDA:191,15,0,0
BRDA:191,16,0,0
BRDA:191,16,1,0
BRDA:198,17,0,0
BRDA:215,18,0,0
BRDA:226,19,0,0
BRDA:231,20,0,0
BRDA:234,21,0,0
BRDA:305,22,0,0
BRDA:312,23,0,0
BRDA:333,24,0,0
BRDA:372,25,0,0
BRDA:372,26,0,0
BRDA:372,26,1,0
BRDA:379,27,0,0
BRDA:396,28,0,0
BRDA:407,29,0,0
BRDA:413,30,0,0
BRDA:413,30,1,0
BRF:36
BRH:10
end_of_record
TN:
SF:src/utils/configReader.ts
FN:7,getConfiguration
FN:15,isConfigurationInitialized
FN:23,getConfigurationProperty
FN:36,initConfig
FNF:4
FNH:3
FNDA:0,getConfiguration
FNDA:37,isConfigurationInitialized
FNDA:37,getConfigurationProperty
FNDA:3,initConfig
DA:1,23
DA:2,23
DA:7,23
DA:8,0
DA:9,0
DA:12,0
DA:15,23
DA:16,37
DA:17,32
DA:19,5
DA:23,23
DA:24,37
DA:25,32
DA:29,5
DA:30,0
DA:33,5
DA:36,23
DA:38,3
DA:39,0
DA:43,3
DA:45,3
DA:47,0
DA:50,3
DA:54,3
DA:55,3
DA:58,0
DA:62,3
DA:63,0
DA:67,3
DA:68,0
DA:73,3
DA:74,3
LF:32
LH:23
BRDA:8,0,0,0
BRDA:16,1,0,32
BRDA:24,2,0,32
BRDA:29,3,0,0
BRDA:38,4,0,0
BRDA:62,5,0,0
BRDA:67,6,0,0
BRF:7
BRH:2
end_of_record
TN:
SF:src/utils/felt.ts
FN:2,convertHexChunkIntoFeltArray
FN:7,convertHexIntoBytesArray
FN:12,convertStringIntoChunks
FN:16,convertChunkIntoHexStringArray
FNF:4
FNH:3
FNDA:3,convertHexChunkIntoFeltArray
FNDA:1,convertHexIntoBytesArray
FNDA:0,convertStringIntoChunks
FNDA:4,convertChunkIntoHexStringArray
DA:2,5
DA:3,3
DA:4,3
DA:7,5
DA:8,1
DA:9,1
DA:12,5
DA:13,0
DA:20,4
DA:21,4
DA:22,3
DA:25,4
DA:27,4
DA:28,12
DA:31,4
LF:15
LH:14
BRDA:21,0,0,3
BRF:1
BRH:1
end_of_record
TN:
SF:src/utils/gas.ts
FN:8,calculateSpentGas
FNF:1
FNH:0
FNDA:0,calculateSpentGas
DA:1,2
DA:8,2
DA:12,0
DA:13,0
DA:14,0
DA:16,0
DA:18,0
LF:7
LH:2
BRDA:12,0,0,0
BRDA:12,0,1,0
BRF:2
BRH:0
end_of_record
TN:
SF:src/utils/getRpc.ts
FN:3,(anonymous_0)
FNF:1
FNH:1
FNDA:24,(anonymous_0)
DA:1,22
DA:3,22
DA:4,24
DA:5,3
DA:6,3
LF:5
LH:5
BRF:0
BRH:0
end_of_record
TN:
SF:src/utils/match.ts
FN:15,findStarknetCallableMethod
FNF:1
FNH:0
FNDA:0,findStarknetCallableMethod
DA:1,2
DA:2,2
DA:4,2
DA:6,2
DA:15,2
DA:20,0
DA:22,0
DA:23,0
DA:24,0
DA:26,0
DA:27,0
DA:29,0
DA:30,0
DA:31,0
DA:40,0
LF:15
LH:5
BRDA:23,0,0,0
BRDA:30,1,0,0
BRF:2
BRH:0
end_of_record
TN:
SF:src/utils/padding.ts
FN:3,hexPadding
FN:16,removeHexZeroes
FN:24,addHexPadding
FN:46,isHex
FN:49,removeHexPrefix
FN:52,addHexPrefix
FNF:6
FNH:5
FNDA:3,hexPadding
FNDA:0,removeHexZeroes
FNDA:1,addHexPadding
FNDA:2,isHex
FNDA:66,removeHexPrefix
FNDA:50,addHexPrefix
DA:1,26
DA:3,26
DA:4,3
DA:5,1
DA:7,2
DA:8,1
DA:10,1
DA:11,1
DA:13,0
DA:16,26
DA:17,0
DA:19,0
DA:21,0
DA:24,26
DA:29,1
DA:30,0
DA:32,1
DA:33,0
DA:35,1
DA:36,0
DA:40,1
DA:47,2
DA:49,26
DA:50,66
DA:52,26
DA:53,50
LF:26
LH:19
BRDA:4,0,0,1
BRDA:7,1,0,1
BRDA:7,2,0,2
BRDA:7,2,1,2
BRDA:10,3,0,1
BRDA:29,4,0,0
BRDA:30,5,0,0
BRDA:30,5,1,0
BRDA:32,6,0,0
BRDA:35,7,0,0
BRDA:36,8,0,0
BRDA:36,8,1,0
BRDA:40,9,0,0
BRDA:40,9,1,1
BRF:14
BRH:6
end_of_record
TN:
SF:src/utils/parser.ts
FN:5,isValidJsonRpcRequest
FN:42,parseRequest
FN:66,revertWithError
FNF:3
FNH:0
FNDA:0,isValidJsonRpcRequest
FNDA:0,parseRequest
FNDA:0,revertWithError
DA:7,0
DA:10,0
DA:13,0
DA:16,0
DA:19,0
DA:20,0
DA:25,0
DA:26,0
DA:27,0
DA:30,0
DA:34,0
DA:35,0
DA:39,0
DA:42,1
DA:48,0
DA:49,0
DA:50,0
DA:51,0
DA:52,0
DA:54,0
DA:63,0
DA:66,1
DA:71,0
LF:23
LH:2
BRDA:7,0,0,0
BRDA:10,1,0,0
BRDA:10,2,0,0
BRDA:10,2,1,0
BRDA:13,3,0,0
BRDA:16,4,0,0
BRDA:16,5,0,0
BRDA:16,5,1,0
BRDA:19,6,0,0
BRDA:19,7,0,0
BRDA:19,7,1,0
BRDA:20,8,0,0
BRDA:20,9,0,0
BRDA:20,9,1,0
BRDA:25,10,0,0
BRDA:27,11,0,0
BRDA:27,12,0,0
BRDA:27,12,1,0
BRDA:27,12,2,0
BRDA:34,13,0,0
BRDA:34,14,0,0
BRDA:34,14,1,0
BRDA:34,14,2,0
BRDA:48,15,0,0
BRDA:56,16,0,0
BRDA:56,16,1,0
BRF:26
BRH:0
end_of_record
TN:
SF:src/utils/rosettanet.ts
FN:21,getRosettaAccountAddress
FN:81,isRosettaAccountDeployed
FN:112,deployRosettanetAccount
FN:187,getRosettanetAccountNonce
FNF:4
FNH:2
FNDA:1,getRosettaAccountAddress
FNDA:3,isRosettaAccountDeployed
FNDA:0,deployRosettanetAccount
FNDA:0,getRosettanetAccountNonce
DA:2,4
DA:8,4
DA:9,4
DA:10,4
DA:11,4
DA:21,4
DA:24,1
DA:25,0
DA:35,0
DA:43,0
DA:44,0
DA:51,0
DA:53,0
DA:63,0
DA:67,0
DA:74,0
DA:81,4
DA:85,3
DA:95,3
DA:96,3
DA:99,0
DA:112,4
DA:115,0
DA:116,0
DA:117,0
DA:118,0
DA:120,0
DA:152,0
DA:164,0
DA:165,0
DA:166,0
DA:169,0
DA:173,0
DA:179,0
DA:185,4
DA:187,4
DA:188,0
DA:189,0
DA:203,0
DA:204,0
DA:207,0
DA:208,0
DA:209,0
DA:211,0
DA:212,0
DA:215,0
DA:216,0
DA:220,0
DA:221,0
LF:49
LH:14
BRDA:43,0,0,0
BRDA:63,1,0,0
BRDA:64,2,0,0
BRDA:64,2,1,0
BRDA:95,3,0,3
BRDA:117,4,0,0
BRDA:117,4,1,0
BRDA:118,5,0,0
BRDA:118,5,1,0
BRDA:164,6,0,0
BRDA:169,7,0,0
BRDA:170,8,0,0
BRDA:170,8,1,0
BRDA:203,9,0,0
BRDA:207,10,0,0
BRDA:207,10,1,0
BRDA:208,11,0,0
BRDA:208,11,1,0
BRF:18
BRH:1
end_of_record
TN:
SF:src/utils/signature.ts
FN:6,createRosettanetSignature
FN:11,(anonymous_1)
FN:14,(anonymous_2)
FNF:3
FNH:3
FNDA:1,createRosettanetSignature
FNDA:2,(anonymous_1)
FNDA:2,(anonymous_2)
DA:3,16
DA:4,16
DA:6,16
DA:10,1
DA:12,2
DA:15,2
DA:20,1
LF:7
LH:7
BRF:0
BRH:0
end_of_record
TN:
SF:src/utils/sn_keccak.ts
FN:4,snKeccak
FNF:1
FNH:1
FNDA:2,snKeccak
DA:1,3
DA:2,3
DA:4,3
DA:5,2
DA:8,2
DA:11,2
DA:14,2
DA:15,2
LF:8
LH:8
BRF:0
BRH:0
end_of_record
TN:
SF:src/utils/starknet.ts
FN:22,getContractAbiAndMethods
FN:47,(anonymous_9)
FN:52,(anonymous_10)
FN:53,(anonymous_11)
FN:69,getContractsMethods
FN:87,(anonymous_14)
FN:92,(anonymous_15)
FN:93,(anonymous_16)
FN:105,getEthereumOutputsCairoNamed
FN:112,(anonymous_18)
FN:130,getEthereumInputsCairoNamed
FN:137,(anonymous_20)
FN:155,getEthereumInputTypesFromStarknetFunction
FN:163,(anonymous_22)
FN:178,generateEthereumFunctionSignatureFromTypeMapping
FN:195,getFunctionInputTypesFromMap
FN:199,(anonymous_25)
FN:210,getContractsAbi
FN:223,getAccountNonce
FNF:19
FNH:1
FNDA:0,getContractAbiAndMethods
FNDA:0,(anonymous_9)
FNDA:0,(anonymous_10)
FNDA:0,(anonymous_11)
FNDA:0,getContractsMethods
FNDA:0,(anonymous_14)
FNDA:0,(anonymous_15)
FNDA:0,(anonymous_16)
FNDA:0,getEthereumOutputsCairoNamed
FNDA:0,(anonymous_18)
FNDA:0,getEthereumInputsCairoNamed
FNDA:0,(anonymous_20)
FNDA:0,getEthereumInputTypesFromStarknetFunction
FNDA:0,(anonymous_22)
FNDA:0,generateEthereumFunctionSignatureFromTypeMapping
FNDA:0,getFunctionInputTypesFromMap
FNDA:0,(anonymous_25)
FNDA:0,getContractsAbi
FNDA:3,getAccountNonce
DA:3,4
DA:5,4
DA:6,4
DA:16,4
DA:22,4
DA:25,0
DA:26,0
DA:31,0
DA:32,0
DA:34,0
DA:35,0
DA:36,0
DA:37,0
DA:39,0
DA:46,0
DA:48,0
DA:52,0
DA:53,0
DA:55,0
DA:57,0
DA:62,0
DA:69,4
DA:72,0
DA:73,0
DA:75,0
DA:76,0
DA:78,0
DA:79,0
DA:80,0
DA:81,0
DA:83,0
DA:86,0
DA:88,0
DA:92,0
DA:93,0
DA:95,0
DA:97,0
DA:102,0
DA:105,4
DA:109,0
DA:110,0
DA:112,0
DA:113,0
DA:114,0
DA:115,0
DA:116,0
DA:118,0
DA:123,0
DA:127,0
DA:130,4
DA:134,0
DA:135,0
DA:137,0
DA:138,0
DA:139,0
DA:140,0
DA:141,0
DA:143,0
DA:148,0
DA:152,0
DA:155,4
DA:159,0
DA:160,0
DA:163,0
DA:164,0
DA:165,0
DA:166,0
DA:167,0
DA:169,0
DA:171,0
DA:175,0
DA:178,4
DA:182,0
DA:183,0
DA:185,0
DA:189,0
DA:190,0
DA:192,0
DA:199,0
DA:200,0
DA:201,0
DA:203,0
DA:206,0
DA:210,4
DA:211,0
DA:212,0
DA:213,0
DA:214,0
DA:215,0
DA:216,0
DA:218,0
DA:220,0
DA:223,4
DA:224,3
DA:225,3
DA:226,3
DA:227,3
DA:228,1
DA:230,2
DA:231,2
LF:100
LH:19
BRDA:25,0,0,0
BRDA:48,1,0,0
BRDA:48,1,1,0
BRDA:48,1,2,0
BRDA:72,2,0,0
BRDA:88,3,0,0
BRDA:88,3,1,0
BRDA:88,3,2,0
BRDA:109,4,0,0
BRDA:109,5,0,0
BRDA:109,5,1,0
BRDA:113,6,0,0
BRDA:113,6,1,0
BRDA:115,7,0,0
BRDA:134,8,0,0
BRDA:134,9,0,0
BRDA:134,9,1,0
BRDA:138,10,0,0
BRDA:138,10,1,0
BRDA:140,11,0,0
BRDA:159,12,0,0
BRDA:159,13,0,0
BRDA:159,13,1,0
BRDA:164,14,0,0
BRDA:164,14,1,0
BRDA:166,15,0,0
BRDA:182,16,0,0
BRDA:182,17,0,0
BRDA:182,17,1,0
BRDA:189,18,0,0
BRDA:200,19,0,0
BRDA:200,19,1,0
BRDA:201,20,0,0
BRDA:201,20,1,0
BRDA:201,21,0,0
BRDA:201,21,1,0
BRF:36
BRH:0
end_of_record
TN:
SF:src/utils/transaction.ts
FN:17,prepareStarknetInvokeTransaction
FN:44,getGasObject
FN:64,prepareRosettanetCalldataForEstimatingFee
FN:79,(anonymous_3)
FN:98,(anonymous_4)
FN:107,prepareRosettanetCalldata
FN:141,(anonymous_6)
FN:152,(anonymous_7)
FN:178,(anonymous_8)
FN:189,(anonymous_9)
FN:209,prepareSignature
FN:216,(anonymous_11)
FN:217,(anonymous_12)
FNF:13
FNH:0
FNDA:0,prepareStarknetInvokeTransaction
FNDA:0,getGasObject
FNDA:0,prepareRosettanetCalldataForEstimatingFee
FNDA:0,(anonymous_3)
FNDA:0,(anonymous_4)
FNDA:0,prepareRosettanetCalldata
FNDA:0,(anonymous_6)
FNDA:0,(anonymous_7)
FNDA:0,(anonymous_8)
FNDA:0,(anonymous_9)
FNDA:0,prepareSignature
FNDA:0,(anonymous_11)
FNDA:0,(anonymous_12)
DA:7,2
DA:8,2
DA:13,2
DA:17,2
DA:24,0
DA:41,0
DA:47,0
DA:48,0
DA:50,0
DA:61,0
DA:64,2
DA:67,0
DA:69,0
DA:70,0
DA:72,0
DA:73,0
DA:74,0
DA:75,0
DA:76,0
DA:78,0
DA:79,0
DA:81,0
DA:82,0
DA:85,0
DA:86,0
DA:89,0
DA:91,0
DA:92,0
DA:93,0
DA:94,0
DA:95,0
DA:97,0
DA:98,0
DA:100,0
DA:101,0
DA:103,0
DA:107,2
DA:110,0
DA:112,0
DA:113,0
DA:124,0
DA:125,0
DA:126,0
DA:131,0
DA:132,0
DA:134,0
DA:135,0
DA:136,0
DA:137,0
DA:138,0
DA:139,0
DA:140,0
DA:141,0
DA:142,0
DA:143,0
DA:145,0
DA:146,0
DA:147,0
DA:148,0
DA:149,0
DA:150,0
DA:151,0
DA:152,0
DA:154,0
DA:155,0
DA:156,0
DA:158,0
DA:160,0
DA:162,0
DA:163,0
DA:164,0
DA:168,0
DA:169,0
DA:171,0
DA:172,0
DA:173,0
DA:174,0
DA:175,0
DA:176,0
DA:177,0
DA:178,0
DA:179,0
DA:180,0
DA:182,0
DA:183,0
DA:184,0
DA:185,0
DA:186,0
DA:187,0
DA:188,0
DA:189,0
DA:191,0
DA:192,0
DA:193,0
DA:195,0
DA:198,0
DA:203,0
DA:209,2
DA:215,0
DA:216,0
DA:217,0
LF:101
LH:7
BRDA:47,0,0,0
BRDA:47,0,1,0
BRDA:48,1,0,0
BRDA:48,1,1,0
BRDA:69,2,0,0
BRDA:69,3,0,0
BRDA:69,3,1,0
BRDA:85,4,0,0
BRDA:113,5,0,0
BRDA:113,5,1,0
BRDA:125,6,0,0
BRDA:125,7,0,0
BRDA:125,7,1,0
BRDA:132,8,0,0
BRDA:132,8,1,0
BRDA:160,9,0,0
BRDA:160,9,1,0
BRDA:163,10,0,0
BRDA:169,11,0,0
BRDA:169,11,1,0
BRDA:204,12,0,0
BRDA:204,12,1,0
BRF:22
BRH:0
end_of_record
TN:
SF:src/utils/validations.ts
FN:6,validateEthAddress
FN:19,validateSnAddress
FN:32,validateBlockHash
FN:50,validateBlockNumber
FN:67,validateRawTransaction
FNF:5
FNH:5
FNDA:15,validateEthAddress
FNDA:5,validateSnAddress
FNDA:12,validateBlockHash
FNDA:26,validateBlockNumber
FNDA:1,validateRawTransaction
DA:1,16
DA:2,16
DA:4,16
DA:6,16
DA:7,15
DA:8,0
DA:10,15
DA:13,15
DA:14,5
DA:16,10
DA:19,16
DA:20,5
DA:21,1
DA:23,4
DA:26,4
DA:27,2
DA:29,2
DA:32,16
DA:33,12
DA:34,0
DA:38,12
DA:43,12
DA:44,5
DA:47,7
DA:50,16
DA:51,26
DA:52,6
DA:54,20
DA:56,2
DA:58,1
DA:60,17
DA:61,10
DA:63,7
DA:67,16
DA:83,1
DA:85,1
DA:86,0
DA:91,1
DA:92,0
DA:97,1
DA:98,0
DA:103,1
DA:107,0
DA:113,1
DA:115,1
LF:45
LH:39
BRDA:7,0,0,0
BRDA:10,1,0,14
BRDA:10,1,1,1
BRDA:10,2,0,0
BRDA:10,2,1,15
BRDA:10,3,0,15
BRDA:10,3,1,15
BRDA:10,4,0,0
BRDA:10,4,1,15
BRDA:10,5,0,15
BRDA:10,5,1,15
BRDA:13,6,0,5
BRDA:20,7,0,1
BRDA:26,8,0,2
BRDA:33,9,0,0
BRDA:43,10,0,5
BRDA:51,11,0,6
BRDA:54,12,0,2
BRDA:54,12,1,1
BRDA:54,12,2,17
BRDA:60,13,0,10
BRDA:85,14,0,0
BRDA:91,15,0,0
BRDA:97,16,0,0
BRDA:97,17,0,1
BRDA:97,17,1,1
BRDA:103,18,0,0
BRDA:104,19,0,1
BRDA:104,19,1,0
BRDA:104,19,2,1
BRDA:104,19,3,0
BRF:31
BRH:21
end_of_record
TN:
SF:src/utils/wrapper.ts
FN:20,getEthAddressFromSnAddress
FN:54,getSnAddressWithFallback
FN:90,precalculateStarknetAccountAddress
FN:133,getSnAddressFromEthAddress
FNF:4
FNH:3
FNDA:1,getEthAddressFromSnAddress
FNDA:4,getSnAddressWithFallback
FNDA:0,precalculateStarknetAccountAddress
FNDA:4,getSnAddressFromEthAddress
DA:1,9
DA:3,9
DA:4,9
DA:6,9
DA:20,9
DA:23,1
DA:24,0
DA:37,0
DA:39,0
DA:40,0
DA:43,0
DA:44,0
DA:46,0
DA:54,9
DA:57,4
DA:58,0
DA:71,0
DA:73,0
DA:74,0
DA:77,0
DA:78,0
DA:80,0
DA:82,0
DA:90,9
DA:93,0
DA:94,0
DA:107,0
DA:109,0
DA:111,0
DA:114,0
DA:115,0
DA:117,0
DA:118,0
DA:123,0
DA:125,0
DA:133,9
DA:136,4
DA:137,0
DA:150,0
DA:152,0
DA:153,0
DA:156,0
DA:157,0
DA:159,0
DA:160,0
DA:165,0
DA:167,0
LF:47
LH:11
BRDA:39,0,0,0
BRDA:43,1,0,0
BRDA:43,1,1,0
BRDA:43,2,0,0
BRDA:43,2,1,0
BRDA:73,3,0,0
BRDA:77,4,0,0
BRDA:77,4,1,0
BRDA:77,5,0,0
BRDA:77,5,1,0
BRDA:109,6,0,0
BRDA:114,7,0,0
BRDA:114,7,1,0
BRDA:114,8,0,0
BRDA:114,8,1,0
BRDA:117,9,0,0
BRDA:152,10,0,0
BRDA:156,11,0,0
BRDA:156,11,1,0
BRDA:156,12,0,0
BRDA:156,12,1,0
BRDA:159,13,0,0
BRF:22
BRH:0
end_of_record
TN:
SF:src/utils/converters/abiFormatter.ts
FN:487,initializeStarknetConvertableTypes
FN:501,updateMapWithMultipleValues
FN:519,initializeStarknetAbi
FN:529,(anonymous_10)
FN:553,formatContractAddress
FN:558,updateMap
FN:595,getStructConvertableTypes
FN:611,(anonymous_15)
FN:678,isSolidityArray
FNF:9
FNH:7
FNDA:2,initializeStarknetConvertableTypes
FNDA:11,updateMapWithMultipleValues
FNDA:2,initializeStarknetAbi
FNDA:18,(anonymous_10)
FNDA:0,formatContractAddress
FNDA:1,updateMap
FNDA:11,getStructConvertableTypes
FNDA:50,(anonymous_15)
FNDA:0,isSolidityArray
DA:13,3
DA:488,2
DA:492,2
DA:493,146
DA:494,146
DA:498,2
DA:505,11
DA:506,44
DA:507,44
DA:508,11
DA:510,33
DA:514,11
DA:519,3
DA:522,2
DA:524,2
DA:525,1
DA:529,18
DA:533,1
DA:536,1
DA:537,1
DA:539,1
DA:541,1
DA:542,1
DA:544,0
DA:545,0
DA:546,0
DA:550,1
DA:553,3
DA:554,0
DA:574,1
DA:575,1
DA:576,1
DA:577,11
DA:578,11
DA:583,11
DA:585,0
DA:586,0
DA:587,0
DA:592,1
DA:603,11
DA:604,50
DA:605,50
DA:606,0
DA:610,11
DA:611,50
DA:613,11
DA:614,0
DA:617,11
DA:618,11
DA:619,11
DA:621,11
DA:622,50
DA:623,50
DA:624,50
DA:625,0
DA:627,50
DA:628,50
DA:631,11
DA:642,11
DA:653,11
DA:664,11
DA:675,11
DA:678,3
DA:679,0
DA:680,0
DA:682,0
LF:66
LH:53
BRDA:493,0,0,146
BRDA:493,1,0,146
BRDA:493,1,1,146
BRDA:506,2,0,44
BRDA:506,3,0,44
BRDA:506,3,1,44
BRDA:507,4,0,11
BRDA:524,5,0,1
BRDA:541,6,0,1
BRDA:585,7,0,0
BRDA:605,8,0,0
BRDA:611,9,0,0
BRDA:611,9,1,50
BRDA:611,10,0,50
BRDA:611,10,1,50
BRDA:613,11,0,0
BRDA:624,12,0,0
BRDA:627,13,0,0
BRDA:627,13,1,50
BRDA:627,14,0,50
BRDA:627,14,1,50
BRDA:628,15,0,0
BRDA:628,15,1,50
BRDA:628,16,0,50
BRDA:628,16,1,50
BRDA:679,17,0,0
BRDA:679,18,0,0
BRDA:679,18,1,0
BRF:28
BRH:18
end_of_record
TN:
SF:src/utils/converters/integer.ts
FN:9,Uint256ToU256
FN:20,safeUint256ToU256
FN:26,safeU256ToUint256
FN:40,U256toUint256
FN:49,BnToU256
FN:51,(anonymous_6)
FNF:6
FNH:5
FNDA:12,Uint256ToU256
FNDA:0,safeUint256ToU256
FNDA:12,safeU256ToUint256
FNDA:5,U256toUint256
FNDA:1,BnToU256
FNDA:2,(anonymous_6)
DA:1,25
DA:2,25
DA:3,25
DA:9,25
DA:10,12
DA:11,1
DA:14,11
DA:15,11
DA:16,11
DA:20,25
DA:21,0
DA:23,0
DA:26,25
DA:27,12
DA:28,0
DA:31,12
DA:32,0
DA:34,12
DA:37,12
DA:40,25
DA:41,5
DA:42,5
DA:44,5
DA:46,5
DA:49,25
DA:50,1
DA:51,2
LF:27
LH:23
BRDA:10,0,0,1
BRDA:27,1,0,0
BRDA:31,2,0,0
BRF:3
BRH:1
end_of_record
TN:
SF:tests/testingUtilities.ts
FN:7,getTestAccount
FNF:1
FNH:1
FNDA:1,getTestAccount
DA:1,1
DA:4,1
DA:7,1
DA:8,1
DA:10,1
LF:5
LH:5
BRF:0
BRH:0
end_of_record
